{"/Users/tashitsering/Desktop/dictionary_correction/src/app/layout.tsx": {"path":"/Users/tashitsering/Desktop/dictionary_correction/src/app/layout.tsx","statementMap":{"0":{"start":{"line":10,"column":24},"end":{"line":10,"column":35}},"1":{"start":{"line":5,"column":13},"end":{"line":5,"column":21}},"2":{"start":{"line":1,"column":24},"end":{"line":1,"column":null}},"3":{"start":{"line":2,"column":7},"end":{"line":2,"column":null}},"4":{"start":{"line":5,"column":34},"end":{"line":8,"column":null}}},"fnMap":{"0":{"name":"RootLayout","decl":{"start":{"line":10,"column":24},"end":{"line":10,"column":35}},"loc":{"start":{"line":14,"column":1},"end":{"line":23,"column":1}}}},"branchMap":{},"s":{"0":0,"1":0,"2":0,"3":0,"4":0},"f":{"0":0},"b":{}}
,"/Users/tashitsering/Desktop/dictionary_correction/src/app/page.tsx": {"path":"/Users/tashitsering/Desktop/dictionary_correction/src/app/page.tsx","statementMap":{"0":{"start":{"line":6,"column":30},"end":{"line":6,"column":35}},"1":{"start":{"line":1,"column":17},"end":{"line":1,"column":null}},"2":{"start":{"line":2,"column":28},"end":{"line":2,"column":null}},"3":{"start":{"line":3,"column":28},"end":{"line":3,"column":null}},"4":{"start":{"line":4,"column":21},"end":{"line":4,"column":null}},"5":{"start":{"line":7,"column":19},"end":{"line":7,"column":34}},"6":{"start":{"line":8,"column":22},"end":{"line":8,"column":null}},"7":{"start":{"line":13,"column":2},"end":{"line":22,"column":null}},"8":{"start":{"line":14,"column":19},"end":{"line":14,"column":null}},"9":{"start":{"line":15,"column":4},"end":{"line":21,"column":null}},"10":{"start":{"line":16,"column":6},"end":{"line":16,"column":null}},"11":{"start":{"line":18,"column":6},"end":{"line":18,"column":null}},"12":{"start":{"line":19,"column":6},"end":{"line":19,"column":null}},"13":{"start":{"line":20,"column":6},"end":{"line":20,"column":null}},"14":{"start":{"line":24,"column":17},"end":{"line":28,"column":null}},"15":{"start":{"line":39,"column":14},"end":{"line":40,"column":null}}},"fnMap":{"0":{"name":"Home","decl":{"start":{"line":6,"column":30},"end":{"line":6,"column":35}},"loc":{"start":{"line":6,"column":74},"end":{"line":64,"column":null}}},"1":{"name":"(anonymous_3)","decl":{"start":{"line":38,"column":24},"end":{"line":38,"column":25}},"loc":{"start":{"line":39,"column":14},"end":{"line":40,"column":null}}}},"branchMap":{"0":{"loc":{"start":{"line":13,"column":2},"end":{"line":22,"column":null}},"type":"if","locations":[{"start":{"line":13,"column":2},"end":{"line":22,"column":null}}]},"1":{"loc":{"start":{"line":13,"column":6},"end":{"line":13,"column":33}},"type":"binary-expr","locations":[{"start":{"line":13,"column":6},"end":{"line":13,"column":17}},{"start":{"line":13,"column":17},"end":{"line":13,"column":33}}]},"2":{"loc":{"start":{"line":15,"column":4},"end":{"line":21,"column":null}},"type":"if","locations":[{"start":{"line":15,"column":4},"end":{"line":21,"column":null}},{"start":{"line":17,"column":11},"end":{"line":21,"column":null}}]},"3":{"loc":{"start":{"line":33,"column":8},"end":{"line":50,"column":null}},"type":"cond-expr","locations":[{"start":{"line":33,"column":8},"end":{"line":50,"column":null}}]},"4":{"loc":{"start":{"line":32,"column":7},"end":{"line":32,"column":null}},"type":"binary-expr","locations":[{"start":{"line":32,"column":7},"end":{"line":32,"column":32}},{"start":{"line":32,"column":32},"end":{"line":32,"column":null}}]},"5":{"loc":{"start":{"line":51,"column":8},"end":{"line":55,"column":9}},"type":"cond-expr","locations":[{"start":{"line":51,"column":8},"end":{"line":55,"column":9}}]}},"s":{"0":0,"1":0,"2":0,"3":0,"4":0,"5":0,"6":0,"7":0,"8":0,"9":0,"10":0,"11":0,"12":0,"13":0,"14":0,"15":0},"f":{"0":0,"1":0},"b":{"0":[0],"1":[0,0],"2":[0,0],"3":[0],"4":[0,0],"5":[0]}}
,"/Users/tashitsering/Desktop/dictionary_correction/src/app/api/download-csv/route.js": {"path":"/Users/tashitsering/Desktop/dictionary_correction/src/app/api/download-csv/route.js","statementMap":{"0":{"start":{"line":4,"column":22},"end":{"line":4,"column":27}},"1":{"start":{"line":2,"column":19},"end":{"line":2,"column":null}},"2":{"start":{"line":5,"column":2},"end":{"line":126,"column":null}},"3":{"start":{"line":6,"column":53},"end":{"line":6,"column":null}},"4":{"start":{"line":8,"column":4},"end":{"line":13,"column":null}},"5":{"start":{"line":9,"column":6},"end":{"line":11,"column":null}},"6":{"start":{"line":16,"column":17},"end":{"line":19,"column":null}},"7":{"start":{"line":21,"column":4},"end":{"line":26,"column":null}},"8":{"start":{"line":22,"column":6},"end":{"line":24,"column":null}},"9":{"start":{"line":28,"column":4},"end":{"line":33,"column":null}},"10":{"start":{"line":29,"column":6},"end":{"line":31,"column":null}},"11":{"start":{"line":36,"column":18},"end":{"line":58,"column":null}},"12":{"start":{"line":61,"column":23},"end":{"line":81,"column":null}},"13":{"start":{"line":83,"column":20},"end":{"line":103,"column":null}},"14":{"start":{"line":83,"column":38},"end":{"line":103,"column":null}},"15":{"start":{"line":106,"column":23},"end":{"line":109,"column":null}},"16":{"start":{"line":108,"column":28},"end":{"line":108,"column":null}},"17":{"start":{"line":112,"column":4},"end":{"line":118,"column":null}},"18":{"start":{"line":121,"column":4},"end":{"line":121,"column":null}},"19":{"start":{"line":122,"column":4},"end":{"line":124,"column":null}}},"fnMap":{"0":{"name":"POST","decl":{"start":{"line":4,"column":22},"end":{"line":4,"column":27}},"loc":{"start":{"line":4,"column":34},"end":{"line":127,"column":null}}},"1":{"name":"(anonymous_3)","decl":{"start":{"line":83,"column":30},"end":{"line":83,"column":38}},"loc":{"start":{"line":83,"column":38},"end":{"line":103,"column":null}}},"2":{"name":"(anonymous_4)","decl":{"start":{"line":108,"column":21},"end":{"line":108,"column":28}},"loc":{"start":{"line":108,"column":28},"end":{"line":108,"column":null}}}},"branchMap":{"0":{"loc":{"start":{"line":8,"column":4},"end":{"line":13,"column":null}},"type":"if","locations":[{"start":{"line":8,"column":4},"end":{"line":13,"column":null}}]},"1":{"loc":{"start":{"line":8,"column":8},"end":{"line":8,"column":56}},"type":"binary-expr","locations":[{"start":{"line":8,"column":8},"end":{"line":8,"column":20}},{"start":{"line":8,"column":20},"end":{"line":8,"column":33}},{"start":{"line":8,"column":33},"end":{"line":8,"column":44}},{"start":{"line":8,"column":44},"end":{"line":8,"column":56}}]},"2":{"loc":{"start":{"line":21,"column":4},"end":{"line":26,"column":null}},"type":"if","locations":[{"start":{"line":21,"column":4},"end":{"line":26,"column":null}}]},"3":{"loc":{"start":{"line":28,"column":4},"end":{"line":33,"column":null}},"type":"if","locations":[{"start":{"line":28,"column":4},"end":{"line":33,"column":null}}]},"4":{"loc":{"start":{"line":28,"column":8},"end":{"line":28,"column":68}},"type":"binary-expr","locations":[{"start":{"line":28,"column":8},"end":{"line":28,"column":36}},{"start":{"line":28,"column":36},"end":{"line":28,"column":68}}]},"5":{"loc":{"start":{"line":85,"column":6},"end":{"line":85,"column":null}},"type":"binary-expr","locations":[{"start":{"line":85,"column":6},"end":{"line":85,"column":26}},{"start":{"line":85,"column":26},"end":{"line":85,"column":null}}]},"6":{"loc":{"start":{"line":88,"column":6},"end":{"line":88,"column":null}},"type":"binary-expr","locations":[{"start":{"line":88,"column":6},"end":{"line":88,"column":32}},{"start":{"line":88,"column":32},"end":{"line":88,"column":null}}]},"7":{"loc":{"start":{"line":89,"column":6},"end":{"line":89,"column":null}},"type":"binary-expr","locations":[{"start":{"line":89,"column":6},"end":{"line":89,"column":29}},{"start":{"line":89,"column":29},"end":{"line":89,"column":null}}]},"8":{"loc":{"start":{"line":90,"column":6},"end":{"line":90,"column":null}},"type":"binary-expr","locations":[{"start":{"line":90,"column":6},"end":{"line":90,"column":35}},{"start":{"line":90,"column":35},"end":{"line":90,"column":null}}]},"9":{"loc":{"start":{"line":91,"column":11},"end":{"line":91,"column":39}},"type":"binary-expr","locations":[{"start":{"line":91,"column":11},"end":{"line":91,"column":34}},{"start":{"line":91,"column":38},"end":{"line":91,"column":39}}]},"10":{"loc":{"start":{"line":92,"column":11},"end":{"line":92,"column":39}},"type":"binary-expr","locations":[{"start":{"line":92,"column":11},"end":{"line":92,"column":34}},{"start":{"line":92,"column":38},"end":{"line":92,"column":39}}]},"11":{"loc":{"start":{"line":93,"column":11},"end":{"line":93,"column":38}},"type":"binary-expr","locations":[{"start":{"line":93,"column":11},"end":{"line":93,"column":33}},{"start":{"line":93,"column":37},"end":{"line":93,"column":38}}]},"12":{"loc":{"start":{"line":94,"column":11},"end":{"line":94,"column":37}},"type":"binary-expr","locations":[{"start":{"line":94,"column":11},"end":{"line":94,"column":32}},{"start":{"line":94,"column":36},"end":{"line":94,"column":37}}]},"13":{"loc":{"start":{"line":95,"column":11},"end":{"line":95,"column":43}},"type":"binary-expr","locations":[{"start":{"line":95,"column":11},"end":{"line":95,"column":38}},{"start":{"line":95,"column":42},"end":{"line":95,"column":43}}]},"14":{"loc":{"start":{"line":96,"column":6},"end":{"line":96,"column":null}},"type":"binary-expr","locations":[{"start":{"line":96,"column":6},"end":{"line":96,"column":40}},{"start":{"line":96,"column":40},"end":{"line":96,"column":null}}]},"15":{"loc":{"start":{"line":97,"column":6},"end":{"line":97,"column":null}},"type":"binary-expr","locations":[{"start":{"line":97,"column":6},"end":{"line":97,"column":42}},{"start":{"line":97,"column":42},"end":{"line":97,"column":null}}]},"16":{"loc":{"start":{"line":98,"column":6},"end":{"line":98,"column":null}},"type":"binary-expr","locations":[{"start":{"line":98,"column":6},"end":{"line":98,"column":41}},{"start":{"line":98,"column":41},"end":{"line":98,"column":null}}]},"17":{"loc":{"start":{"line":99,"column":6},"end":{"line":99,"column":null}},"type":"binary-expr","locations":[{"start":{"line":99,"column":6},"end":{"line":99,"column":47}},{"start":{"line":99,"column":47},"end":{"line":99,"column":null}}]},"18":{"loc":{"start":{"line":100,"column":6},"end":{"line":100,"column":null}},"type":"binary-expr","locations":[{"start":{"line":100,"column":6},"end":{"line":100,"column":19}},{"start":{"line":100,"column":23},"end":{"line":100,"column":null}}]},"19":{"loc":{"start":{"line":101,"column":6},"end":{"line":101,"column":null}},"type":"binary-expr","locations":[{"start":{"line":101,"column":6},"end":{"line":101,"column":34}},{"start":{"line":101,"column":38},"end":{"line":101,"column":null}}]},"20":{"loc":{"start":{"line":102,"column":6},"end":{"line":102,"column":null}},"type":"binary-expr","locations":[{"start":{"line":102,"column":6},"end":{"line":102,"column":40}},{"start":{"line":102,"column":44},"end":{"line":102,"column":null}}]}},"s":{"0":0,"1":0,"2":0,"3":0,"4":0,"5":0,"6":0,"7":0,"8":0,"9":0,"10":0,"11":0,"12":0,"13":0,"14":0,"15":0,"16":0,"17":0,"18":0,"19":0},"f":{"0":0,"1":0,"2":0},"b":{"0":[0],"1":[0,0,0,0],"2":[0],"3":[0],"4":[0,0],"5":[0,0],"6":[0,0],"7":[0,0],"8":[0,0],"9":[0,0],"10":[0,0],"11":[0,0],"12":[0,0],"13":[0,0],"14":[0,0],"15":[0,0],"16":[0,0],"17":[0,0],"18":[0,0],"19":[0,0],"20":[0,0]}}
,"/Users/tashitsering/Desktop/dictionary_correction/src/app/api/groups/route.js": {"path":"/Users/tashitsering/Desktop/dictionary_correction/src/app/api/groups/route.js","statementMap":{"0":{"start":{"line":4,"column":22},"end":{"line":4,"column":null}},"1":{"start":{"line":2,"column":19},"end":{"line":2,"column":null}},"2":{"start":{"line":5,"column":2},"end":{"line":23,"column":null}},"3":{"start":{"line":6,"column":19},"end":{"line":14,"column":null}},"4":{"start":{"line":16,"column":4},"end":{"line":16,"column":null}},"5":{"start":{"line":18,"column":4},"end":{"line":18,"column":null}},"6":{"start":{"line":19,"column":4},"end":{"line":21,"column":null}}},"fnMap":{"0":{"name":"GET","decl":{"start":{"line":4,"column":22},"end":{"line":4,"column":null}},"loc":{"start":{"line":4,"column":22},"end":{"line":24,"column":null}}}},"branchMap":{},"s":{"0":0,"1":0,"2":0,"3":0,"4":0,"5":0,"6":0},"f":{"0":0},"b":{}}
,"/Users/tashitsering/Desktop/dictionary_correction/src/app/dashboard/page.js": {"path":"/Users/tashitsering/Desktop/dictionary_correction/src/app/dashboard/page.js","statementMap":{"0":{"start":{"line":23,"column":0},"end":{"line":23,"column":15}},"1":{"start":{"line":1,"column":18},"end":{"line":1,"column":null}},"2":{"start":{"line":2,"column":17},"end":{"line":2,"column":null}},"3":{"start":{"line":4,"column":18},"end":{"line":21,"column":null}},"4":{"start":{"line":5,"column":15},"end":{"line":5,"column":null}},"5":{"start":{"line":10,"column":8},"end":{"line":11,"column":null}},"6":{"start":{"line":23,"column":15},"end":{"line":23,"column":null}}},"fnMap":{"0":{"name":"(anonymous_2)","decl":{"start":{"line":4,"column":18},"end":{"line":4,"column":null}},"loc":{"start":{"line":4,"column":18},"end":{"line":21,"column":null}}},"1":{"name":"(anonymous_3)","decl":{"start":{"line":9,"column":18},"end":{"line":9,"column":19}},"loc":{"start":{"line":10,"column":8},"end":{"line":11,"column":null}}}},"branchMap":{},"s":{"0":0,"1":0,"2":0,"3":0,"4":0,"5":0,"6":0},"f":{"0":0,"1":0},"b":{}}
,"/Users/tashitsering/Desktop/dictionary_correction/src/app/dashboard/group/AddGroupModal.js": {"path":"/Users/tashitsering/Desktop/dictionary_correction/src/app/dashboard/group/AddGroupModal.js","statementMap":{"0":{"start":{"line":60,"column":0},"end":{"line":60,"column":15}},"1":{"start":{"line":3,"column":30},"end":{"line":3,"column":null}},"2":{"start":{"line":4,"column":28},"end":{"line":4,"column":null}},"3":{"start":{"line":5,"column":19},"end":{"line":5,"column":null}},"4":{"start":{"line":7,"column":22},"end":{"line":58,"column":null}},"5":{"start":{"line":8,"column":14},"end":{"line":8,"column":null}},"6":{"start":{"line":18,"column":16},"end":{"line":18,"column":null}},"7":{"start":{"line":19,"column":16},"end":{"line":19,"column":null}},"8":{"start":{"line":20,"column":16},"end":{"line":20,"column":null}},"9":{"start":{"line":46,"column":14},"end":{"line":46,"column":null}},"10":{"start":{"line":47,"column":31},"end":{"line":47,"column":null}},"11":{"start":{"line":48,"column":14},"end":{"line":48,"column":null}},"12":{"start":{"line":60,"column":15},"end":{"line":60,"column":null}}},"fnMap":{"0":{"name":"(anonymous_5)","decl":{"start":{"line":7,"column":22},"end":{"line":7,"column":null}},"loc":{"start":{"line":7,"column":22},"end":{"line":58,"column":null}}},"1":{"name":"(anonymous_6)","decl":{"start":{"line":17,"column":23},"end":{"line":17,"column":24}},"loc":{"start":{"line":17,"column":24},"end":{"line":21,"column":null}}},"2":{"name":"(anonymous_7)","decl":{"start":{"line":45,"column":24},"end":{"line":45,"column":31}},"loc":{"start":{"line":45,"column":31},"end":{"line":49,"column":null}}}},"branchMap":{},"s":{"0":0,"1":0,"2":0,"3":0,"4":0,"5":0,"6":0,"7":0,"8":0,"9":0,"10":0,"11":0,"12":0},"f":{"0":0,"1":0,"2":0},"b":{}}
,"/Users/tashitsering/Desktop/dictionary_correction/src/app/dashboard/group/EditGroupModal.js": {"path":"/Users/tashitsering/Desktop/dictionary_correction/src/app/dashboard/group/EditGroupModal.js","statementMap":{"0":{"start":{"line":107,"column":0},"end":{"line":107,"column":15}},"1":{"start":{"line":2,"column":51},"end":{"line":2,"column":null}},"2":{"start":{"line":3,"column":26},"end":{"line":3,"column":null}},"3":{"start":{"line":4,"column":19},"end":{"line":4,"column":null}},"4":{"start":{"line":6,"column":23},"end":{"line":105,"column":null}},"5":{"start":{"line":7,"column":14},"end":{"line":7,"column":null}},"6":{"start":{"line":18,"column":16},"end":{"line":18,"column":null}},"7":{"start":{"line":19,"column":16},"end":{"line":19,"column":null}},"8":{"start":{"line":20,"column":16},"end":{"line":20,"column":null}},"9":{"start":{"line":93,"column":14},"end":{"line":93,"column":null}},"10":{"start":{"line":94,"column":35},"end":{"line":94,"column":null}},"11":{"start":{"line":95,"column":14},"end":{"line":95,"column":null}},"12":{"start":{"line":107,"column":15},"end":{"line":107,"column":null}}},"fnMap":{"0":{"name":"(anonymous_5)","decl":{"start":{"line":6,"column":23},"end":{"line":6,"column":24}},"loc":{"start":{"line":6,"column":39},"end":{"line":105,"column":null}}},"1":{"name":"(anonymous_6)","decl":{"start":{"line":17,"column":23},"end":{"line":17,"column":24}},"loc":{"start":{"line":17,"column":24},"end":{"line":21,"column":null}}},"2":{"name":"(anonymous_7)","decl":{"start":{"line":92,"column":24},"end":{"line":92,"column":31}},"loc":{"start":{"line":92,"column":31},"end":{"line":96,"column":null}}}},"branchMap":{},"s":{"0":0,"1":0,"2":0,"3":0,"4":0,"5":0,"6":0,"7":0,"8":0,"9":0,"10":0,"11":0,"12":0},"f":{"0":0,"1":0,"2":0},"b":{}}
,"/Users/tashitsering/Desktop/dictionary_correction/src/app/dashboard/group/GroupDashboard.js": {"path":"/Users/tashitsering/Desktop/dictionary_correction/src/app/dashboard/group/GroupDashboard.js","statementMap":{"0":{"start":{"line":85,"column":0},"end":{"line":85,"column":15}},"1":{"start":{"line":3,"column":25},"end":{"line":3,"column":null}},"2":{"start":{"line":4,"column":32},"end":{"line":4,"column":null}},"3":{"start":{"line":5,"column":30},"end":{"line":5,"column":null}},"4":{"start":{"line":6,"column":26},"end":{"line":6,"column":null}},"5":{"start":{"line":7,"column":27},"end":{"line":7,"column":null}},"6":{"start":{"line":8,"column":28},"end":{"line":8,"column":null}},"7":{"start":{"line":10,"column":23},"end":{"line":83,"column":null}},"8":{"start":{"line":11,"column":40},"end":{"line":11,"column":null}},"9":{"start":{"line":12,"column":28},"end":{"line":22,"column":null}},"10":{"start":{"line":13,"column":19},"end":{"line":13,"column":35}},"11":{"start":{"line":14,"column":19},"end":{"line":14,"column":35}},"12":{"start":{"line":15,"column":4},"end":{"line":21,"column":null}},"13":{"start":{"line":16,"column":6},"end":{"line":17,"column":null}},"14":{"start":{"line":20,"column":27},"end":{"line":20,"column":null}},"15":{"start":{"line":24,"column":26},"end":{"line":27,"column":null}},"16":{"start":{"line":25,"column":4},"end":{"line":25,"column":null}},"17":{"start":{"line":26,"column":4},"end":{"line":26,"column":null}},"18":{"start":{"line":35,"column":25},"end":{"line":35,"column":null}},"19":{"start":{"line":52,"column":16},"end":{"line":52,"column":null}},"20":{"start":{"line":61,"column":37},"end":{"line":61,"column":null}},"21":{"start":{"line":68,"column":37},"end":{"line":68,"column":null}},"22":{"start":{"line":85,"column":15},"end":{"line":85,"column":null}}},"fnMap":{"0":{"name":"(anonymous_5)","decl":{"start":{"line":10,"column":23},"end":{"line":10,"column":24}},"loc":{"start":{"line":10,"column":37},"end":{"line":83,"column":null}}},"1":{"name":"(anonymous_6)","decl":{"start":{"line":12,"column":28},"end":{"line":12,"column":35}},"loc":{"start":{"line":12,"column":35},"end":{"line":22,"column":null}}},"2":{"name":"(anonymous_7)","decl":{"start":{"line":24,"column":26},"end":{"line":24,"column":33}},"loc":{"start":{"line":24,"column":33},"end":{"line":27,"column":null}}},"3":{"name":"(anonymous_8)","decl":{"start":{"line":35,"column":19},"end":{"line":35,"column":25}},"loc":{"start":{"line":35,"column":25},"end":{"line":35,"column":null}}},"4":{"name":"(anonymous_9)","decl":{"start":{"line":51,"column":30},"end":{"line":51,"column":31}},"loc":{"start":{"line":52,"column":16},"end":{"line":52,"column":null}}},"5":{"name":"(anonymous_10)","decl":{"start":{"line":61,"column":31},"end":{"line":61,"column":37}},"loc":{"start":{"line":61,"column":37},"end":{"line":61,"column":null}}},"6":{"name":"(anonymous_11)","decl":{"start":{"line":68,"column":31},"end":{"line":68,"column":37}},"loc":{"start":{"line":68,"column":37},"end":{"line":68,"column":null}}}},"branchMap":{"0":{"loc":{"start":{"line":15,"column":4},"end":{"line":21,"column":null}},"type":"if","locations":[{"start":{"line":15,"column":4},"end":{"line":21,"column":null}},{"start":{"line":19,"column":11},"end":{"line":21,"column":null}}]},"1":{"loc":{"start":{"line":15,"column":8},"end":{"line":15,"column":38}},"type":"binary-expr","locations":[{"start":{"line":15,"column":8},"end":{"line":15,"column":24}},{"start":{"line":15,"column":24},"end":{"line":15,"column":38}}]},"2":{"loc":{"start":{"line":55,"column":45},"end":{"line":55,"column":null}},"type":"binary-expr","locations":[{"start":{"line":55,"column":45},"end":{"line":55,"column":61}},{"start":{"line":55,"column":65},"end":{"line":55,"column":null}}]},"3":{"loc":{"start":{"line":56,"column":45},"end":{"line":56,"column":null}},"type":"binary-expr","locations":[{"start":{"line":56,"column":45},"end":{"line":56,"column":61}},{"start":{"line":56,"column":65},"end":{"line":56,"column":null}}]}},"s":{"0":0,"1":0,"2":0,"3":0,"4":0,"5":0,"6":0,"7":0,"8":0,"9":0,"10":0,"11":0,"12":0,"13":0,"14":0,"15":0,"16":0,"17":0,"18":0,"19":0,"20":0,"21":0,"22":0},"f":{"0":0,"1":0,"2":0,"3":0,"4":0,"5":0,"6":0},"b":{"0":[0,0],"1":[0,0],"2":[0,0],"3":[0,0]}}
,"/Users/tashitsering/Desktop/dictionary_correction/src/app/dashboard/group/page.js": {"path":"/Users/tashitsering/Desktop/dictionary_correction/src/app/dashboard/group/page.js","statementMap":{"0":{"start":{"line":16,"column":0},"end":{"line":16,"column":15}},"1":{"start":{"line":4,"column":13},"end":{"line":4,"column":20}},"2":{"start":{"line":1,"column":18},"end":{"line":1,"column":null}},"3":{"start":{"line":2,"column":27},"end":{"line":2,"column":null}},"4":{"start":{"line":3,"column":28},"end":{"line":3,"column":null}},"5":{"start":{"line":4,"column":23},"end":{"line":4,"column":null}},"6":{"start":{"line":6,"column":14},"end":{"line":14,"column":null}},"7":{"start":{"line":7,"column":20},"end":{"line":7,"column":null}},"8":{"start":{"line":16,"column":15},"end":{"line":16,"column":21}}},"fnMap":{"0":{"name":"(anonymous_4)","decl":{"start":{"line":6,"column":14},"end":{"line":6,"column":null}},"loc":{"start":{"line":6,"column":14},"end":{"line":14,"column":null}}}},"branchMap":{},"s":{"0":0,"1":0,"2":0,"3":0,"4":0,"5":0,"6":0,"7":0,"8":0},"f":{"0":0},"b":{}}
,"/Users/tashitsering/Desktop/dictionary_correction/src/app/dashboard/task/TaskDashbooard.js": {"path":"/Users/tashitsering/Desktop/dictionary_correction/src/app/dashboard/task/TaskDashbooard.js","statementMap":{"0":{"start":{"line":12,"column":0},"end":{"line":12,"column":15}},"1":{"start":{"line":1,"column":18},"end":{"line":1,"column":null}},"2":{"start":{"line":2,"column":21},"end":{"line":2,"column":null}},"3":{"start":{"line":4,"column":23},"end":{"line":10,"column":null}},"4":{"start":{"line":12,"column":15},"end":{"line":12,"column":null}}},"fnMap":{"0":{"name":"(anonymous_2)","decl":{"start":{"line":4,"column":23},"end":{"line":4,"column":30}},"loc":{"start":{"line":4,"column":40},"end":{"line":10,"column":null}}}},"branchMap":{},"s":{"0":0,"1":0,"2":0,"3":0,"4":0},"f":{"0":0},"b":{}}
,"/Users/tashitsering/Desktop/dictionary_correction/src/app/dashboard/task/TaskForm.js": {"path":"/Users/tashitsering/Desktop/dictionary_correction/src/app/dashboard/task/TaskForm.js","statementMap":{"0":{"start":{"line":90,"column":0},"end":{"line":90,"column":15}},"1":{"start":{"line":2,"column":35},"end":{"line":2,"column":null}},"2":{"start":{"line":3,"column":40},"end":{"line":3,"column":null}},"3":{"start":{"line":4,"column":17},"end":{"line":4,"column":null}},"4":{"start":{"line":5,"column":19},"end":{"line":5,"column":null}},"5":{"start":{"line":6,"column":18},"end":{"line":6,"column":null}},"6":{"start":{"line":8,"column":17},"end":{"line":88,"column":null}},"7":{"start":{"line":9,"column":14},"end":{"line":9,"column":null}},"8":{"start":{"line":10,"column":42},"end":{"line":10,"column":null}},"9":{"start":{"line":11,"column":46},"end":{"line":11,"column":null}},"10":{"start":{"line":13,"column":29},"end":{"line":15,"column":null}},"11":{"start":{"line":14,"column":4},"end":{"line":14,"column":null}},"12":{"start":{"line":17,"column":27},"end":{"line":27,"column":null}},"13":{"start":{"line":19,"column":4},"end":{"line":26,"column":null}},"14":{"start":{"line":23,"column":8},"end":{"line":23,"column":null}},"15":{"start":{"line":24,"column":8},"end":{"line":24,"column":null}},"16":{"start":{"line":29,"column":21},"end":{"line":44,"column":null}},"17":{"start":{"line":30,"column":4},"end":{"line":33,"column":null}},"18":{"start":{"line":31,"column":6},"end":{"line":31,"column":null}},"19":{"start":{"line":32,"column":6},"end":{"line":32,"column":null}},"20":{"start":{"line":34,"column":21},"end":{"line":34,"column":null}},"21":{"start":{"line":35,"column":4},"end":{"line":35,"column":null}},"22":{"start":{"line":36,"column":25},"end":{"line":36,"column":null}},"23":{"start":{"line":39,"column":4},"end":{"line":43,"column":null}},"24":{"start":{"line":40,"column":6},"end":{"line":40,"column":null}},"25":{"start":{"line":42,"column":6},"end":{"line":42,"column":null}},"26":{"start":{"line":79,"column":12},"end":{"line":79,"column":null}},"27":{"start":{"line":80,"column":12},"end":{"line":80,"column":null}},"28":{"start":{"line":90,"column":15},"end":{"line":90,"column":null}}},"fnMap":{"0":{"name":"(anonymous_5)","decl":{"start":{"line":8,"column":17},"end":{"line":8,"column":18}},"loc":{"start":{"line":8,"column":28},"end":{"line":88,"column":null}}},"1":{"name":"(anonymous_6)","decl":{"start":{"line":13,"column":29},"end":{"line":13,"column":36}},"loc":{"start":{"line":13,"column":36},"end":{"line":15,"column":null}}},"2":{"name":"(anonymous_7)","decl":{"start":{"line":17,"column":27},"end":{"line":17,"column":28}},"loc":{"start":{"line":17,"column":28},"end":{"line":27,"column":null}}},"3":{"name":"(anonymous_8)","decl":{"start":{"line":22,"column":16},"end":{"line":22,"column":32}},"loc":{"start":{"line":22,"column":39},"end":{"line":25,"column":null}}},"4":{"name":"(anonymous_9)","decl":{"start":{"line":29,"column":21},"end":{"line":29,"column":28}},"loc":{"start":{"line":29,"column":28},"end":{"line":44,"column":null}}},"5":{"name":"(anonymous_10)","decl":{"start":{"line":78,"column":22},"end":{"line":78,"column":29}},"loc":{"start":{"line":78,"column":29},"end":{"line":81,"column":null}}}},"branchMap":{"0":{"loc":{"start":{"line":30,"column":4},"end":{"line":33,"column":null}},"type":"if","locations":[{"start":{"line":30,"column":4},"end":{"line":33,"column":null}}]},"1":{"loc":{"start":{"line":39,"column":4},"end":{"line":43,"column":null}},"type":"if","locations":[{"start":{"line":39,"column":4},"end":{"line":43,"column":null}},{"start":{"line":41,"column":11},"end":{"line":43,"column":null}}]}},"s":{"0":0,"1":0,"2":0,"3":0,"4":0,"5":0,"6":0,"7":0,"8":0,"9":0,"10":0,"11":0,"12":0,"13":0,"14":0,"15":0,"16":0,"17":0,"18":0,"19":0,"20":0,"21":0,"22":0,"23":0,"24":0,"25":0,"26":0,"27":0,"28":0},"f":{"0":0,"1":0,"2":0,"3":0,"4":0,"5":0},"b":{"0":[0],"1":[0,0]}}
,"/Users/tashitsering/Desktop/dictionary_correction/src/app/dashboard/task/page.js": {"path":"/Users/tashitsering/Desktop/dictionary_correction/src/app/dashboard/task/page.js","statementMap":{"0":{"start":{"line":17,"column":0},"end":{"line":17,"column":15}},"1":{"start":{"line":1,"column":18},"end":{"line":1,"column":null}},"2":{"start":{"line":2,"column":27},"end":{"line":2,"column":null}},"3":{"start":{"line":3,"column":28},"end":{"line":3,"column":null}},"4":{"start":{"line":5,"column":13},"end":{"line":15,"column":null}},"5":{"start":{"line":6,"column":17},"end":{"line":6,"column":null}},"6":{"start":{"line":17,"column":15},"end":{"line":17,"column":null}}},"fnMap":{"0":{"name":"(anonymous_2)","decl":{"start":{"line":5,"column":13},"end":{"line":5,"column":20}},"loc":{"start":{"line":5,"column":36},"end":{"line":15,"column":null}}}},"branchMap":{},"s":{"0":0,"1":0,"2":0,"3":0,"4":0,"5":0,"6":0},"f":{"0":0},"b":{}}
,"/Users/tashitsering/Desktop/dictionary_correction/src/app/dashboard/user/AddUserModal.js": {"path":"/Users/tashitsering/Desktop/dictionary_correction/src/app/dashboard/user/AddUserModal.js","statementMap":{"0":{"start":{"line":144,"column":0},"end":{"line":144,"column":15}},"1":{"start":{"line":3,"column":40},"end":{"line":3,"column":null}},"2":{"start":{"line":4,"column":27},"end":{"line":4,"column":null}},"3":{"start":{"line":5,"column":19},"end":{"line":5,"column":null}},"4":{"start":{"line":6,"column":18},"end":{"line":6,"column":null}},"5":{"start":{"line":8,"column":21},"end":{"line":142,"column":null}},"6":{"start":{"line":9,"column":14},"end":{"line":9,"column":null}},"7":{"start":{"line":10,"column":32},"end":{"line":10,"column":null}},"8":{"start":{"line":11,"column":26},"end":{"line":11,"column":null}},"9":{"start":{"line":12,"column":34},"end":{"line":12,"column":null}},"10":{"start":{"line":13,"column":28},"end":{"line":13,"column":null}},"11":{"start":{"line":15,"column":28},"end":{"line":26,"column":null}},"12":{"start":{"line":16,"column":23},"end":{"line":16,"column":41}},"13":{"start":{"line":17,"column":4},"end":{"line":17,"column":null}},"14":{"start":{"line":19,"column":4},"end":{"line":25,"column":null}},"15":{"start":{"line":20,"column":6},"end":{"line":20,"column":null}},"16":{"start":{"line":22,"column":6},"end":{"line":23,"column":null}},"17":{"start":{"line":28,"column":28},"end":{"line":30,"column":null}},"18":{"start":{"line":29,"column":4},"end":{"line":29,"column":null}},"19":{"start":{"line":32,"column":27},"end":{"line":34,"column":null}},"20":{"start":{"line":33,"column":4},"end":{"line":33,"column":null}},"21":{"start":{"line":36,"column":16},"end":{"line":49,"column":null}},"22":{"start":{"line":60,"column":16},"end":{"line":60,"column":null}},"23":{"start":{"line":61,"column":16},"end":{"line":61,"column":null}},"24":{"start":{"line":62,"column":16},"end":{"line":62,"column":null}},"25":{"start":{"line":125,"column":14},"end":{"line":125,"column":null}},"26":{"start":{"line":126,"column":31},"end":{"line":126,"column":null}},"27":{"start":{"line":127,"column":14},"end":{"line":131,"column":null}},"28":{"start":{"line":128,"column":16},"end":{"line":128,"column":null}},"29":{"start":{"line":130,"column":16},"end":{"line":130,"column":null}},"30":{"start":{"line":132,"column":14},"end":{"line":132,"column":null}},"31":{"start":{"line":144,"column":15},"end":{"line":144,"column":null}}},"fnMap":{"0":{"name":"(anonymous_5)","decl":{"start":{"line":8,"column":21},"end":{"line":8,"column":22}},"loc":{"start":{"line":8,"column":32},"end":{"line":142,"column":null}}},"1":{"name":"(anonymous_6)","decl":{"start":{"line":15,"column":28},"end":{"line":15,"column":29}},"loc":{"start":{"line":15,"column":29},"end":{"line":26,"column":null}}},"2":{"name":"(anonymous_7)","decl":{"start":{"line":28,"column":28},"end":{"line":28,"column":35}},"loc":{"start":{"line":28,"column":35},"end":{"line":30,"column":null}}},"3":{"name":"(anonymous_8)","decl":{"start":{"line":32,"column":27},"end":{"line":32,"column":34}},"loc":{"start":{"line":32,"column":34},"end":{"line":34,"column":null}}},"4":{"name":"(anonymous_9)","decl":{"start":{"line":59,"column":23},"end":{"line":59,"column":24}},"loc":{"start":{"line":59,"column":24},"end":{"line":63,"column":null}}},"5":{"name":"(anonymous_10)","decl":{"start":{"line":124,"column":24},"end":{"line":124,"column":31}},"loc":{"start":{"line":124,"column":31},"end":{"line":133,"column":null}}}},"branchMap":{"0":{"loc":{"start":{"line":19,"column":4},"end":{"line":25,"column":null}},"type":"if","locations":[{"start":{"line":19,"column":4},"end":{"line":25,"column":null}},{"start":{"line":21,"column":11},"end":{"line":25,"column":null}}]},"1":{"loc":{"start":{"line":85,"column":15},"end":{"line":85,"column":null}},"type":"binary-expr","locations":[{"start":{"line":85,"column":15},"end":{"line":85,"column":null}}]},"2":{"loc":{"start":{"line":127,"column":14},"end":{"line":131,"column":null}},"type":"if","locations":[{"start":{"line":127,"column":14},"end":{"line":131,"column":null}},{"start":{"line":129,"column":21},"end":{"line":131,"column":null}}]}},"s":{"0":0,"1":0,"2":0,"3":0,"4":0,"5":0,"6":0,"7":0,"8":0,"9":0,"10":0,"11":0,"12":0,"13":0,"14":0,"15":0,"16":0,"17":0,"18":0,"19":0,"20":0,"21":0,"22":0,"23":0,"24":0,"25":0,"26":0,"27":0,"28":0,"29":0,"30":0,"31":0},"f":{"0":0,"1":0,"2":0,"3":0,"4":0,"5":0},"b":{"0":[0,0],"1":[0],"2":[0,0]}}
,"/Users/tashitsering/Desktop/dictionary_correction/src/app/dashboard/user/EditUserModal.js": {"path":"/Users/tashitsering/Desktop/dictionary_correction/src/app/dashboard/user/EditUserModal.js","statementMap":{"0":{"start":{"line":183,"column":0},"end":{"line":183,"column":15}},"1":{"start":{"line":2,"column":51},"end":{"line":2,"column":null}},"2":{"start":{"line":3,"column":25},"end":{"line":3,"column":null}},"3":{"start":{"line":4,"column":19},"end":{"line":4,"column":null}},"4":{"start":{"line":5,"column":18},"end":{"line":5,"column":null}},"5":{"start":{"line":7,"column":22},"end":{"line":181,"column":null}},"6":{"start":{"line":8,"column":14},"end":{"line":8,"column":null}},"7":{"start":{"line":9,"column":32},"end":{"line":9,"column":null}},"8":{"start":{"line":10,"column":26},"end":{"line":10,"column":null}},"9":{"start":{"line":11,"column":36},"end":{"line":11,"column":null}},"10":{"start":{"line":12,"column":34},"end":{"line":12,"column":null}},"11":{"start":{"line":13,"column":28},"end":{"line":13,"column":null}},"12":{"start":{"line":15,"column":28},"end":{"line":26,"column":null}},"13":{"start":{"line":16,"column":23},"end":{"line":16,"column":41}},"14":{"start":{"line":17,"column":4},"end":{"line":17,"column":null}},"15":{"start":{"line":19,"column":4},"end":{"line":25,"column":null}},"16":{"start":{"line":20,"column":6},"end":{"line":20,"column":null}},"17":{"start":{"line":22,"column":6},"end":{"line":23,"column":null}},"18":{"start":{"line":28,"column":2},"end":{"line":42,"column":null}},"19":{"start":{"line":29,"column":20},"end":{"line":29,"column":null}},"20":{"start":{"line":30,"column":24},"end":{"line":30,"column":null}},"21":{"start":{"line":31,"column":21},"end":{"line":31,"column":null}},"22":{"start":{"line":32,"column":17},"end":{"line":32,"column":null}},"23":{"start":{"line":33,"column":4},"end":{"line":38,"column":null}},"24":{"start":{"line":34,"column":6},"end":{"line":34,"column":null}},"25":{"start":{"line":35,"column":6},"end":{"line":35,"column":null}},"26":{"start":{"line":36,"column":6},"end":{"line":36,"column":null}},"27":{"start":{"line":37,"column":6},"end":{"line":37,"column":null}},"28":{"start":{"line":39,"column":4},"end":{"line":41,"column":null}},"29":{"start":{"line":40,"column":6},"end":{"line":40,"column":null}},"30":{"start":{"line":44,"column":28},"end":{"line":46,"column":null}},"31":{"start":{"line":45,"column":4},"end":{"line":45,"column":null}},"32":{"start":{"line":48,"column":27},"end":{"line":50,"column":null}},"33":{"start":{"line":49,"column":4},"end":{"line":49,"column":null}},"34":{"start":{"line":52,"column":16},"end":{"line":65,"column":null}},"35":{"start":{"line":81,"column":18},"end":{"line":81,"column":null}},"36":{"start":{"line":82,"column":18},"end":{"line":82,"column":null}},"37":{"start":{"line":83,"column":18},"end":{"line":83,"column":null}},"38":{"start":{"line":163,"column":16},"end":{"line":163,"column":null}},"39":{"start":{"line":164,"column":33},"end":{"line":164,"column":null}},"40":{"start":{"line":165,"column":16},"end":{"line":169,"column":null}},"41":{"start":{"line":166,"column":18},"end":{"line":166,"column":null}},"42":{"start":{"line":168,"column":18},"end":{"line":168,"column":null}},"43":{"start":{"line":170,"column":16},"end":{"line":170,"column":null}},"44":{"start":{"line":183,"column":15},"end":{"line":183,"column":null}}},"fnMap":{"0":{"name":"(anonymous_5)","decl":{"start":{"line":7,"column":22},"end":{"line":7,"column":23}},"loc":{"start":{"line":7,"column":46},"end":{"line":181,"column":null}}},"1":{"name":"(anonymous_6)","decl":{"start":{"line":15,"column":28},"end":{"line":15,"column":29}},"loc":{"start":{"line":15,"column":29},"end":{"line":26,"column":null}}},"2":{"name":"(anonymous_7)","decl":{"start":{"line":28,"column":12},"end":{"line":28,"column":null}},"loc":{"start":{"line":28,"column":12},"end":{"line":42,"column":5}}},"3":{"name":"(anonymous_8)","decl":{"start":{"line":39,"column":11},"end":{"line":39,"column":null}},"loc":{"start":{"line":39,"column":11},"end":{"line":41,"column":null}}},"4":{"name":"(anonymous_9)","decl":{"start":{"line":44,"column":28},"end":{"line":44,"column":35}},"loc":{"start":{"line":44,"column":35},"end":{"line":46,"column":null}}},"5":{"name":"(anonymous_10)","decl":{"start":{"line":48,"column":27},"end":{"line":48,"column":34}},"loc":{"start":{"line":48,"column":34},"end":{"line":50,"column":null}}},"6":{"name":"(anonymous_11)","decl":{"start":{"line":80,"column":25},"end":{"line":80,"column":26}},"loc":{"start":{"line":80,"column":26},"end":{"line":84,"column":null}}},"7":{"name":"(anonymous_12)","decl":{"start":{"line":162,"column":26},"end":{"line":162,"column":33}},"loc":{"start":{"line":162,"column":33},"end":{"line":171,"column":null}}}},"branchMap":{"0":{"loc":{"start":{"line":19,"column":4},"end":{"line":25,"column":null}},"type":"if","locations":[{"start":{"line":19,"column":4},"end":{"line":25,"column":null}},{"start":{"line":21,"column":11},"end":{"line":25,"column":null}}]},"1":{"loc":{"start":{"line":33,"column":4},"end":{"line":38,"column":null}},"type":"if","locations":[{"start":{"line":33,"column":4},"end":{"line":38,"column":null}}]},"2":{"loc":{"start":{"line":71,"column":10},"end":{"line":75,"column":11}},"type":"cond-expr","locations":[{"start":{"line":71,"column":10},"end":{"line":75,"column":11}}]},"3":{"loc":{"start":{"line":122,"column":17},"end":{"line":122,"column":null}},"type":"binary-expr","locations":[{"start":{"line":122,"column":17},"end":{"line":122,"column":null}}]},"4":{"loc":{"start":{"line":165,"column":16},"end":{"line":169,"column":null}},"type":"if","locations":[{"start":{"line":165,"column":16},"end":{"line":169,"column":null}},{"start":{"line":167,"column":23},"end":{"line":169,"column":null}}]}},"s":{"0":0,"1":0,"2":0,"3":0,"4":0,"5":0,"6":0,"7":0,"8":0,"9":0,"10":0,"11":0,"12":0,"13":0,"14":0,"15":0,"16":0,"17":0,"18":0,"19":0,"20":0,"21":0,"22":0,"23":0,"24":0,"25":0,"26":0,"27":0,"28":0,"29":0,"30":0,"31":0,"32":0,"33":0,"34":0,"35":0,"36":0,"37":0,"38":0,"39":0,"40":0,"41":0,"42":0,"43":0,"44":0},"f":{"0":0,"1":0,"2":0,"3":0,"4":0,"5":0,"6":0,"7":0},"b":{"0":[0,0],"1":[0],"2":[0],"3":[0],"4":[0,0]}}
,"/Users/tashitsering/Desktop/dictionary_correction/src/app/dashboard/user/UserDashboard.js": {"path":"/Users/tashitsering/Desktop/dictionary_correction/src/app/dashboard/user/UserDashboard.js","statementMap":{"0":{"start":{"line":101,"column":0},"end":{"line":101,"column":15}},"1":{"start":{"line":3,"column":32},"end":{"line":3,"column":null}},"2":{"start":{"line":4,"column":30},"end":{"line":4,"column":null}},"3":{"start":{"line":5,"column":25},"end":{"line":5,"column":null}},"4":{"start":{"line":6,"column":25},"end":{"line":6,"column":null}},"5":{"start":{"line":7,"column":27},"end":{"line":7,"column":null}},"6":{"start":{"line":8,"column":26},"end":{"line":8,"column":null}},"7":{"start":{"line":10,"column":22},"end":{"line":99,"column":null}},"8":{"start":{"line":11,"column":40},"end":{"line":11,"column":null}},"9":{"start":{"line":12,"column":40},"end":{"line":12,"column":null}},"10":{"start":{"line":14,"column":27},"end":{"line":24,"column":null}},"11":{"start":{"line":15,"column":26},"end":{"line":16,"column":null}},"12":{"start":{"line":18,"column":4},"end":{"line":23,"column":null}},"13":{"start":{"line":19,"column":18},"end":{"line":19,"column":null}},"14":{"start":{"line":20,"column":6},"end":{"line":22,"column":null}},"15":{"start":{"line":21,"column":8},"end":{"line":21,"column":null}},"16":{"start":{"line":26,"column":25},"end":{"line":29,"column":null}},"17":{"start":{"line":27,"column":4},"end":{"line":27,"column":null}},"18":{"start":{"line":28,"column":4},"end":{"line":28,"column":null}},"19":{"start":{"line":37,"column":25},"end":{"line":37,"column":null}},"20":{"start":{"line":41,"column":25},"end":{"line":41,"column":null}},"21":{"start":{"line":61,"column":28},"end":{"line":61,"column":null}},"22":{"start":{"line":64,"column":18},"end":{"line":64,"column":36}},"23":{"start":{"line":77,"column":39},"end":{"line":77,"column":null}},"24":{"start":{"line":84,"column":39},"end":{"line":84,"column":null}},"25":{"start":{"line":101,"column":15},"end":{"line":101,"column":null}}},"fnMap":{"0":{"name":"(anonymous_5)","decl":{"start":{"line":10,"column":22},"end":{"line":10,"column":23}},"loc":{"start":{"line":10,"column":40},"end":{"line":99,"column":null}}},"1":{"name":"(anonymous_6)","decl":{"start":{"line":14,"column":27},"end":{"line":14,"column":34}},"loc":{"start":{"line":14,"column":34},"end":{"line":24,"column":null}}},"2":{"name":"(anonymous_7)","decl":{"start":{"line":26,"column":25},"end":{"line":26,"column":32}},"loc":{"start":{"line":26,"column":32},"end":{"line":29,"column":null}}},"3":{"name":"(anonymous_8)","decl":{"start":{"line":37,"column":19},"end":{"line":37,"column":25}},"loc":{"start":{"line":37,"column":25},"end":{"line":37,"column":null}}},"4":{"name":"(anonymous_9)","decl":{"start":{"line":41,"column":19},"end":{"line":41,"column":25}},"loc":{"start":{"line":41,"column":25},"end":{"line":41,"column":null}}},"5":{"name":"(anonymous_10)","decl":{"start":{"line":61,"column":18},"end":{"line":61,"column":19}},"loc":{"start":{"line":61,"column":28},"end":{"line":61,"column":null}}},"6":{"name":"(anonymous_11)","decl":{"start":{"line":63,"column":21},"end":{"line":63,"column":22}},"loc":{"start":{"line":64,"column":18},"end":{"line":64,"column":36}}},"7":{"name":"(anonymous_12)","decl":{"start":{"line":77,"column":33},"end":{"line":77,"column":39}},"loc":{"start":{"line":77,"column":39},"end":{"line":77,"column":null}}},"8":{"name":"(anonymous_13)","decl":{"start":{"line":84,"column":33},"end":{"line":84,"column":39}},"loc":{"start":{"line":84,"column":39},"end":{"line":84,"column":null}}}},"branchMap":{"0":{"loc":{"start":{"line":18,"column":4},"end":{"line":23,"column":null}},"type":"if","locations":[{"start":{"line":18,"column":4},"end":{"line":23,"column":null}}]},"1":{"loc":{"start":{"line":20,"column":6},"end":{"line":22,"column":null}},"type":"if","locations":[{"start":{"line":20,"column":6},"end":{"line":22,"column":null}}]},"2":{"loc":{"start":{"line":61,"column":28},"end":{"line":61,"column":null}},"type":"binary-expr","locations":[{"start":{"line":61,"column":28},"end":{"line":61,"column":43}},{"start":{"line":61,"column":43},"end":{"line":61,"column":null}}]}},"s":{"0":0,"1":0,"2":0,"3":0,"4":0,"5":0,"6":0,"7":0,"8":0,"9":0,"10":0,"11":0,"12":0,"13":0,"14":0,"15":0,"16":0,"17":0,"18":0,"19":0,"20":0,"21":0,"22":0,"23":0,"24":0,"25":0},"f":{"0":0,"1":0,"2":0,"3":0,"4":0,"5":0,"6":0,"7":0,"8":0},"b":{"0":[0],"1":[0],"2":[0,0]}}
,"/Users/tashitsering/Desktop/dictionary_correction/src/app/dashboard/user/page.js": {"path":"/Users/tashitsering/Desktop/dictionary_correction/src/app/dashboard/user/page.js","statementMap":{"0":{"start":{"line":18,"column":0},"end":{"line":18,"column":15}},"1":{"start":{"line":5,"column":13},"end":{"line":5,"column":20}},"2":{"start":{"line":1,"column":18},"end":{"line":1,"column":null}},"3":{"start":{"line":2,"column":26},"end":{"line":2,"column":null}},"4":{"start":{"line":3,"column":27},"end":{"line":3,"column":null}},"5":{"start":{"line":4,"column":28},"end":{"line":4,"column":null}},"6":{"start":{"line":5,"column":23},"end":{"line":5,"column":null}},"7":{"start":{"line":7,"column":13},"end":{"line":16,"column":null}},"8":{"start":{"line":8,"column":16},"end":{"line":8,"column":null}},"9":{"start":{"line":9,"column":17},"end":{"line":9,"column":null}},"10":{"start":{"line":18,"column":15},"end":{"line":18,"column":20}}},"fnMap":{"0":{"name":"(anonymous_4)","decl":{"start":{"line":7,"column":13},"end":{"line":7,"column":null}},"loc":{"start":{"line":7,"column":13},"end":{"line":16,"column":null}}}},"branchMap":{},"s":{"0":0,"1":0,"2":0,"3":0,"4":0,"5":0,"6":0,"7":0,"8":0,"9":0,"10":0},"f":{"0":0},"b":{}}
,"/Users/tashitsering/Desktop/dictionary_correction/src/app/demo/DemoPage.js": {"path":"/Users/tashitsering/Desktop/dictionary_correction/src/app/demo/DemoPage.js","statementMap":{"0":{"start":{"line":204,"column":0},"end":{"line":204,"column":15}},"1":{"start":{"line":3,"column":51},"end":{"line":3,"column":null}},"2":{"start":{"line":4,"column":23},"end":{"line":4,"column":null}},"3":{"start":{"line":5,"column":24},"end":{"line":5,"column":null}},"4":{"start":{"line":6,"column":26},"end":{"line":6,"column":null}},"5":{"start":{"line":7,"column":32},"end":{"line":7,"column":null}},"6":{"start":{"line":8,"column":18},"end":{"line":8,"column":null}},"7":{"start":{"line":10,"column":17},"end":{"line":202,"column":null}},"8":{"start":{"line":11,"column":50},"end":{"line":11,"column":null}},"9":{"start":{"line":12,"column":15},"end":{"line":12,"column":41}},"10":{"start":{"line":13,"column":34},"end":{"line":13,"column":null}},"11":{"start":{"line":14,"column":40},"end":{"line":14,"column":63}},"12":{"start":{"line":15,"column":46},"end":{"line":15,"column":null}},"13":{"start":{"line":16,"column":36},"end":{"line":16,"column":null}},"14":{"start":{"line":17,"column":19},"end":{"line":17,"column":null}},"15":{"start":{"line":18,"column":36},"end":{"line":18,"column":null}},"16":{"start":{"line":19,"column":50},"end":{"line":19,"column":null}},"17":{"start":{"line":21,"column":2},"end":{"line":31,"column":null}},"18":{"start":{"line":22,"column":4},"end":{"line":30,"column":null}},"19":{"start":{"line":23,"column":6},"end":{"line":23,"column":null}},"20":{"start":{"line":24,"column":26},"end":{"line":24,"column":37}},"21":{"start":{"line":26,"column":6},"end":{"line":26,"column":null}},"22":{"start":{"line":27,"column":6},"end":{"line":27,"column":null}},"23":{"start":{"line":29,"column":6},"end":{"line":29,"column":null}},"24":{"start":{"line":33,"column":29},"end":{"line":83,"column":null}},"25":{"start":{"line":34,"column":4},"end":{"line":82,"column":null}},"26":{"start":{"line":35,"column":6},"end":{"line":35,"column":null}},"27":{"start":{"line":35,"column":29},"end":{"line":35,"column":null}},"28":{"start":{"line":37,"column":19},"end":{"line":37,"column":30}},"29":{"start":{"line":38,"column":21},"end":{"line":38,"column":null}},"30":{"start":{"line":39,"column":26},"end":{"line":39,"column":null}},"31":{"start":{"line":42,"column":6},"end":{"line":67,"column":null}},"32":{"start":{"line":44,"column":10},"end":{"line":44,"column":null}},"33":{"start":{"line":45,"column":10},"end":{"line":49,"column":null}},"34":{"start":{"line":46,"column":12},"end":{"line":46,"column":null}},"35":{"start":{"line":47,"column":17},"end":{"line":49,"column":null}},"36":{"start":{"line":48,"column":12},"end":{"line":48,"column":null}},"37":{"start":{"line":50,"column":10},"end":{"line":50,"column":null}},"38":{"start":{"line":52,"column":10},"end":{"line":52,"column":null}},"39":{"start":{"line":53,"column":10},"end":{"line":57,"column":null}},"40":{"start":{"line":54,"column":12},"end":{"line":54,"column":null}},"41":{"start":{"line":55,"column":17},"end":{"line":57,"column":null}},"42":{"start":{"line":56,"column":12},"end":{"line":56,"column":null}},"43":{"start":{"line":58,"column":10},"end":{"line":58,"column":null}},"44":{"start":{"line":60,"column":10},"end":{"line":60,"column":null}},"45":{"start":{"line":61,"column":10},"end":{"line":65,"column":null}},"46":{"start":{"line":62,"column":12},"end":{"line":62,"column":null}},"47":{"start":{"line":63,"column":17},"end":{"line":65,"column":null}},"48":{"start":{"line":64,"column":12},"end":{"line":64,"column":null}},"49":{"start":{"line":66,"column":10},"end":{"line":66,"column":null}},"50":{"start":{"line":69,"column":26},"end":{"line":69,"column":null}},"51":{"start":{"line":71,"column":6},"end":{"line":71,"column":null}},"52":{"start":{"line":71,"column":28},"end":{"line":71,"column":null}},"53":{"start":{"line":71,"column":50},"end":{"line":71,"column":null}},"54":{"start":{"line":72,"column":6},"end":{"line":79,"column":null}},"55":{"start":{"line":72,"column":31},"end":{"line":79,"column":null}},"56":{"start":{"line":81,"column":6},"end":{"line":81,"column":null}},"57":{"start":{"line":126,"column":48},"end":{"line":126,"column":59}},"58":{"start":{"line":127,"column":28},"end":{"line":136,"column":null}},"59":{"start":{"line":129,"column":32},"end":{"line":129,"column":null}},"60":{"start":{"line":131,"column":32},"end":{"line":131,"column":null}},"61":{"start":{"line":133,"column":32},"end":{"line":133,"column":null}},"62":{"start":{"line":135,"column":32},"end":{"line":135,"column":null}},"63":{"start":{"line":148,"column":43},"end":{"line":148,"column":null}},"64":{"start":{"line":158,"column":43},"end":{"line":158,"column":null}},"65":{"start":{"line":175,"column":45},"end":{"line":175,"column":null}},"66":{"start":{"line":204,"column":15},"end":{"line":204,"column":null}}},"fnMap":{"0":{"name":"(anonymous_5)","decl":{"start":{"line":10,"column":17},"end":{"line":10,"column":18}},"loc":{"start":{"line":10,"column":62},"end":{"line":202,"column":null}}},"1":{"name":"(anonymous_6)","decl":{"start":{"line":21,"column":12},"end":{"line":21,"column":null}},"loc":{"start":{"line":21,"column":12},"end":{"line":31,"column":5}}},"2":{"name":"(anonymous_7)","decl":{"start":{"line":33,"column":29},"end":{"line":33,"column":36}},"loc":{"start":{"line":33,"column":36},"end":{"line":83,"column":null}}},"3":{"name":"(anonymous_8)","decl":{"start":{"line":71,"column":18},"end":{"line":71,"column":19}},"loc":{"start":{"line":71,"column":28},"end":{"line":71,"column":null}}},"4":{"name":"(anonymous_9)","decl":{"start":{"line":71,"column":40},"end":{"line":71,"column":41}},"loc":{"start":{"line":71,"column":50},"end":{"line":71,"column":null}}},"5":{"name":"(anonymous_10)","decl":{"start":{"line":72,"column":21},"end":{"line":72,"column":22}},"loc":{"start":{"line":72,"column":31},"end":{"line":79,"column":null}}},"6":{"name":"(anonymous_11)","decl":{"start":{"line":125,"column":34},"end":{"line":125,"column":null}},"loc":{"start":{"line":125,"column":34},"end":{"line":137,"column":null}}},"7":{"name":"(anonymous_12)","decl":{"start":{"line":148,"column":37},"end":{"line":148,"column":43}},"loc":{"start":{"line":148,"column":43},"end":{"line":148,"column":null}}},"8":{"name":"(anonymous_13)","decl":{"start":{"line":158,"column":37},"end":{"line":158,"column":43}},"loc":{"start":{"line":158,"column":43},"end":{"line":158,"column":null}}},"9":{"name":"(anonymous_14)","decl":{"start":{"line":175,"column":38},"end":{"line":175,"column":39}},"loc":{"start":{"line":175,"column":45},"end":{"line":175,"column":null}}}},"branchMap":{"0":{"loc":{"start":{"line":22,"column":4},"end":{"line":30,"column":null}},"type":"if","locations":[{"start":{"line":22,"column":4},"end":{"line":30,"column":null}},{"start":{"line":28,"column":11},"end":{"line":30,"column":null}}]},"1":{"loc":{"start":{"line":35,"column":6},"end":{"line":35,"column":null}},"type":"if","locations":[{"start":{"line":35,"column":6},"end":{"line":35,"column":null}}]},"2":{"loc":{"start":{"line":42,"column":6},"end":{"line":67,"column":null}},"type":"switch","locations":[{"start":{"line":43,"column":8},"end":{"line":50,"column":null}},{"start":{"line":51,"column":8},"end":{"line":58,"column":null}},{"start":{"line":59,"column":8},"end":{"line":66,"column":null}}]},"3":{"loc":{"start":{"line":45,"column":10},"end":{"line":49,"column":null}},"type":"if","locations":[{"start":{"line":45,"column":10},"end":{"line":49,"column":null}},{"start":{"line":47,"column":17},"end":{"line":49,"column":null}}]},"4":{"loc":{"start":{"line":47,"column":17},"end":{"line":49,"column":null}},"type":"if","locations":[{"start":{"line":47,"column":17},"end":{"line":49,"column":null}}]},"5":{"loc":{"start":{"line":53,"column":10},"end":{"line":57,"column":null}},"type":"if","locations":[{"start":{"line":53,"column":10},"end":{"line":57,"column":null}},{"start":{"line":55,"column":17},"end":{"line":57,"column":null}}]},"6":{"loc":{"start":{"line":55,"column":17},"end":{"line":57,"column":null}},"type":"if","locations":[{"start":{"line":55,"column":17},"end":{"line":57,"column":null}}]},"7":{"loc":{"start":{"line":61,"column":10},"end":{"line":65,"column":null}},"type":"if","locations":[{"start":{"line":61,"column":10},"end":{"line":65,"column":null}},{"start":{"line":63,"column":17},"end":{"line":65,"column":null}}]},"8":{"loc":{"start":{"line":63,"column":17},"end":{"line":65,"column":null}},"type":"if","locations":[{"start":{"line":63,"column":17},"end":{"line":65,"column":null}}]},"9":{"loc":{"start":{"line":101,"column":14},"end":{"line":102,"column":26}},"type":"cond-expr","locations":[{"start":{"line":101,"column":14},"end":{"line":102,"column":26}}]},"10":{"loc":{"start":{"line":103,"column":14},"end":{"line":191,"column":15}},"type":"cond-expr","locations":[{"start":{"line":103,"column":14},"end":{"line":191,"column":15}}]},"11":{"loc":{"start":{"line":104,"column":17},"end":{"line":104,"column":null}},"type":"binary-expr","locations":[{"start":{"line":104,"column":17},"end":{"line":104,"column":null}}]},"12":{"loc":{"start":{"line":116,"column":33},"end":{"line":116,"column":null}},"type":"binary-expr","locations":[{"start":{"line":116,"column":33},"end":{"line":116,"column":68}},{"start":{"line":116,"column":68},"end":{"line":116,"column":null}}]},"13":{"loc":{"start":{"line":127,"column":28},"end":{"line":136,"column":null}},"type":"switch","locations":[{"start":{"line":128,"column":30},"end":{"line":129,"column":null}},{"start":{"line":130,"column":30},"end":{"line":131,"column":null}},{"start":{"line":132,"column":30},"end":{"line":133,"column":null}},{"start":{"line":134,"column":30},"end":{"line":135,"column":null}}]},"14":{"loc":{"start":{"line":129,"column":39},"end":{"line":129,"column":null}},"type":"binary-expr","locations":[{"start":{"line":129,"column":39},"end":{"line":129,"column":74}},{"start":{"line":129,"column":74},"end":{"line":129,"column":null}}]},"15":{"loc":{"start":{"line":131,"column":39},"end":{"line":131,"column":null}},"type":"binary-expr","locations":[{"start":{"line":131,"column":39},"end":{"line":131,"column":73}},{"start":{"line":131,"column":73},"end":{"line":131,"column":null}}]},"16":{"loc":{"start":{"line":133,"column":39},"end":{"line":133,"column":null}},"type":"binary-expr","locations":[{"start":{"line":133,"column":39},"end":{"line":133,"column":72}},{"start":{"line":133,"column":72},"end":{"line":133,"column":null}}]},"17":{"loc":{"start":{"line":150,"column":30},"end":{"line":152,"column":null}},"type":"cond-expr","locations":[{"start":{"line":151,"column":34},"end":{"line":151,"column":null}},{"start":{"line":152,"column":34},"end":{"line":152,"column":null}}]},"18":{"loc":{"start":{"line":160,"column":30},"end":{"line":162,"column":null}},"type":"cond-expr","locations":[{"start":{"line":161,"column":34},"end":{"line":161,"column":null}},{"start":{"line":162,"column":34},"end":{"line":162,"column":null}}]},"19":{"loc":{"start":{"line":170,"column":23},"end":{"line":170,"column":null}},"type":"binary-expr","locations":[{"start":{"line":170,"column":23},"end":{"line":170,"column":null}}]}},"s":{"0":0,"1":0,"2":0,"3":0,"4":0,"5":0,"6":0,"7":0,"8":0,"9":0,"10":0,"11":0,"12":0,"13":0,"14":0,"15":0,"16":0,"17":0,"18":0,"19":0,"20":0,"21":0,"22":0,"23":0,"24":0,"25":0,"26":0,"27":0,"28":0,"29":0,"30":0,"31":0,"32":0,"33":0,"34":0,"35":0,"36":0,"37":0,"38":0,"39":0,"40":0,"41":0,"42":0,"43":0,"44":0,"45":0,"46":0,"47":0,"48":0,"49":0,"50":0,"51":0,"52":0,"53":0,"54":0,"55":0,"56":0,"57":0,"58":0,"59":0,"60":0,"61":0,"62":0,"63":0,"64":0,"65":0,"66":0},"f":{"0":0,"1":0,"2":0,"3":0,"4":0,"5":0,"6":0,"7":0,"8":0,"9":0},"b":{"0":[0,0],"1":[0],"2":[0,0,0],"3":[0,0],"4":[0],"5":[0,0],"6":[0],"7":[0,0],"8":[0],"9":[0],"10":[0],"11":[0],"12":[0,0],"13":[0,0,0,0],"14":[0,0],"15":[0,0],"16":[0,0],"17":[0,0],"18":[0,0],"19":[0]}}
,"/Users/tashitsering/Desktop/dictionary_correction/src/app/demo/DemoSidebar.js": {"path":"/Users/tashitsering/Desktop/dictionary_correction/src/app/demo/DemoSidebar.js","statementMap":{"0":{"start":{"line":177,"column":0},"end":{"line":177,"column":15}},"1":{"start":{"line":1,"column":18},"end":{"line":1,"column":null}},"2":{"start":{"line":2,"column":23},"end":{"line":2,"column":null}},"3":{"start":{"line":4,"column":27},"end":{"line":4,"column":null}},"4":{"start":{"line":5,"column":35},"end":{"line":5,"column":null}},"5":{"start":{"line":6,"column":41},"end":{"line":6,"column":null}},"6":{"start":{"line":8,"column":20},"end":{"line":175,"column":null}},"7":{"start":{"line":17,"column":16},"end":{"line":17,"column":null}},"8":{"start":{"line":18,"column":17},"end":{"line":18,"column":null}},"9":{"start":{"line":19,"column":25},"end":{"line":19,"column":null}},"10":{"start":{"line":21,"column":29},"end":{"line":28,"column":null}},"11":{"start":{"line":24,"column":20},"end":{"line":24,"column":null}},"12":{"start":{"line":25,"column":4},"end":{"line":25,"column":null}},"13":{"start":{"line":26,"column":4},"end":{"line":26,"column":null}},"14":{"start":{"line":26,"column":29},"end":{"line":26,"column":null}},"15":{"start":{"line":26,"column":48},"end":{"line":26,"column":64}},"16":{"start":{"line":27,"column":4},"end":{"line":27,"column":null}},"17":{"start":{"line":143,"column":34},"end":{"line":143,"column":null}},"18":{"start":{"line":145,"column":18},"end":{"line":146,"column":null}},"19":{"start":{"line":148,"column":35},"end":{"line":148,"column":null}},"20":{"start":{"line":177,"column":15},"end":{"line":177,"column":null}}},"fnMap":{"0":{"name":"(anonymous_5)","decl":{"start":{"line":8,"column":20},"end":{"line":8,"column":21}},"loc":{"start":{"line":16,"column":1},"end":{"line":175,"column":null}}},"1":{"name":"(anonymous_6)","decl":{"start":{"line":21,"column":29},"end":{"line":21,"column":36}},"loc":{"start":{"line":21,"column":36},"end":{"line":28,"column":null}}},"2":{"name":"(anonymous_7)","decl":{"start":{"line":26,"column":19},"end":{"line":26,"column":20}},"loc":{"start":{"line":26,"column":29},"end":{"line":26,"column":null}}},"3":{"name":"(anonymous_8)","decl":{"start":{"line":26,"column":41},"end":{"line":26,"column":42}},"loc":{"start":{"line":26,"column":48},"end":{"line":26,"column":64}}},"4":{"name":"(anonymous_9)","decl":{"start":{"line":143,"column":24},"end":{"line":143,"column":25}},"loc":{"start":{"line":143,"column":34},"end":{"line":143,"column":null}}},"5":{"name":"(anonymous_10)","decl":{"start":{"line":144,"column":21},"end":{"line":144,"column":22}},"loc":{"start":{"line":145,"column":18},"end":{"line":146,"column":null}}},"6":{"name":"(anonymous_11)","decl":{"start":{"line":148,"column":29},"end":{"line":148,"column":35}},"loc":{"start":{"line":148,"column":35},"end":{"line":148,"column":null}}}},"branchMap":{"0":{"loc":{"start":{"line":94,"column":18},"end":{"line":96,"column":null}},"type":"cond-expr","locations":[{"start":{"line":95,"column":22},"end":{"line":95,"column":null}},{"start":{"line":96,"column":22},"end":{"line":96,"column":null}}]},"1":{"loc":{"start":{"line":100,"column":19},"end":{"line":100,"column":74}},"type":"cond-expr","locations":[{"start":{"line":100,"column":44},"end":{"line":100,"column":58}},{"start":{"line":100,"column":61},"end":{"line":100,"column":74}}]},"2":{"loc":{"start":{"line":104,"column":16},"end":{"line":104,"column":42}},"type":"binary-expr","locations":[{"start":{"line":104,"column":16},"end":{"line":104,"column":42}},{"start":{"line":104,"column":42},"end":{"line":104,"column":60}}]},"3":{"loc":{"start":{"line":108,"column":20},"end":{"line":112,"column":null}},"type":"cond-expr","locations":[{"start":{"line":109,"column":24},"end":{"line":109,"column":null}},{"start":{"line":110,"column":24},"end":{"line":112,"column":null}}]},"4":{"loc":{"start":{"line":110,"column":24},"end":{"line":112,"column":null}},"type":"cond-expr","locations":[{"start":{"line":111,"column":24},"end":{"line":111,"column":null}},{"start":{"line":112,"column":24},"end":{"line":112,"column":null}}]},"5":{"loc":{"start":{"line":116,"column":21},"end":{"line":120,"column":null}},"type":"cond-expr","locations":[{"start":{"line":117,"column":24},"end":{"line":117,"column":37}},{"start":{"line":118,"column":24},"end":{"line":120,"column":null}}]},"6":{"loc":{"start":{"line":118,"column":24},"end":{"line":120,"column":null}},"type":"cond-expr","locations":[{"start":{"line":119,"column":24},"end":{"line":119,"column":43}},{"start":{"line":120,"column":24},"end":{"line":120,"column":null}}]},"7":{"loc":{"start":{"line":127,"column":19},"end":{"line":129,"column":42}},"type":"cond-expr","locations":[{"start":{"line":128,"column":22},"end":{"line":128,"column":41}},{"start":{"line":129,"column":22},"end":{"line":129,"column":42}}]},"8":{"loc":{"start":{"line":151,"column":23},"end":{"line":157,"column":48}},"type":"cond-expr","locations":[{"start":{"line":152,"column":26},"end":{"line":154,"column":51}},{"start":{"line":155,"column":26},"end":{"line":157,"column":48}}]},"9":{"loc":{"start":{"line":152,"column":26},"end":{"line":154,"column":51}},"type":"cond-expr","locations":[{"start":{"line":153,"column":28},"end":{"line":153,"column":50}},{"start":{"line":154,"column":28},"end":{"line":154,"column":51}}]},"10":{"loc":{"start":{"line":155,"column":26},"end":{"line":157,"column":48}},"type":"cond-expr","locations":[{"start":{"line":156,"column":26},"end":{"line":156,"column":47}},{"start":{"line":157,"column":26},"end":{"line":157,"column":48}}]},"11":{"loc":{"start":{"line":163,"column":24},"end":{"line":163,"column":null}},"type":"binary-expr","locations":[{"start":{"line":163,"column":24},"end":{"line":163,"column":null}},{"start":{"line":164,"column":24},"end":{"line":164,"column":48}}]},"12":{"loc":{"start":{"line":165,"column":23},"end":{"line":165,"column":51}},"type":"binary-expr","locations":[{"start":{"line":165,"column":23},"end":{"line":165,"column":51}}]}},"s":{"0":0,"1":0,"2":0,"3":0,"4":0,"5":0,"6":0,"7":0,"8":0,"9":0,"10":0,"11":0,"12":0,"13":0,"14":0,"15":0,"16":0,"17":0,"18":0,"19":0,"20":0},"f":{"0":0,"1":0,"2":0,"3":0,"4":0,"5":0,"6":0},"b":{"0":[0,0],"1":[0,0],"2":[0,0],"3":[0,0],"4":[0,0],"5":[0,0],"6":[0,0],"7":[0,0],"8":[0,0],"9":[0,0],"10":[0,0],"11":[0,0],"12":[0]}}
,"/Users/tashitsering/Desktop/dictionary_correction/src/app/demo/page.tsx": {"path":"/Users/tashitsering/Desktop/dictionary_correction/src/app/demo/page.tsx","statementMap":{"0":{"start":{"line":36,"column":0},"end":{"line":36,"column":15}},"1":{"start":{"line":1,"column":18},"end":{"line":1,"column":null}},"2":{"start":{"line":2,"column":21},"end":{"line":2,"column":null}},"3":{"start":{"line":3,"column":28},"end":{"line":3,"column":null}},"4":{"start":{"line":4,"column":19},"end":{"line":4,"column":null}},"5":{"start":{"line":6,"column":13},"end":{"line":34,"column":null}},"6":{"start":{"line":7,"column":19},"end":{"line":7,"column":34}},"7":{"start":{"line":8,"column":19},"end":{"line":18,"column":null}},"8":{"start":{"line":19,"column":18},"end":{"line":24,"column":null}},"9":{"start":{"line":36,"column":15},"end":{"line":36,"column":null}}},"fnMap":{"0":{"name":"(anonymous_2)","decl":{"start":{"line":6,"column":13},"end":{"line":6,"column":null}},"loc":{"start":{"line":6,"column":13},"end":{"line":34,"column":null}}}},"branchMap":{},"s":{"0":0,"1":0,"2":0,"3":0,"4":0,"5":0,"6":0,"7":0,"8":0,"9":0},"f":{"0":0},"b":{}}
,"/Users/tashitsering/Desktop/dictionary_correction/src/app/download/page.js": {"path":"/Users/tashitsering/Desktop/dictionary_correction/src/app/download/page.js","statementMap":{"0":{"start":{"line":8,"column":24},"end":{"line":8,"column":null}},"1":{"start":{"line":3,"column":43},"end":{"line":3,"column":null}},"2":{"start":{"line":4,"column":17},"end":{"line":4,"column":null}},"3":{"start":{"line":5,"column":28},"end":{"line":5,"column":null}},"4":{"start":{"line":6,"column":32},"end":{"line":6,"column":null}},"5":{"start":{"line":9,"column":23},"end":{"line":9,"column":null}},"6":{"start":{"line":10,"column":18},"end":{"line":10,"column":null}},"7":{"start":{"line":11,"column":50},"end":{"line":11,"column":null}},"8":{"start":{"line":12,"column":30},"end":{"line":12,"column":null}},"9":{"start":{"line":13,"column":44},"end":{"line":13,"column":null}},"10":{"start":{"line":14,"column":34},"end":{"line":14,"column":null}},"11":{"start":{"line":15,"column":30},"end":{"line":15,"column":null}},"12":{"start":{"line":16,"column":44},"end":{"line":16,"column":null}},"13":{"start":{"line":18,"column":15},"end":{"line":18,"column":48}},"14":{"start":{"line":20,"column":2},"end":{"line":23,"column":null}},"15":{"start":{"line":22,"column":4},"end":{"line":22,"column":null}},"16":{"start":{"line":25,"column":22},"end":{"line":36,"column":null}},"17":{"start":{"line":26,"column":4},"end":{"line":35,"column":null}},"18":{"start":{"line":27,"column":23},"end":{"line":27,"column":null}},"19":{"start":{"line":28,"column":19},"end":{"line":28,"column":null}},"20":{"start":{"line":29,"column":6},"end":{"line":29,"column":null}},"21":{"start":{"line":30,"column":6},"end":{"line":32,"column":null}},"22":{"start":{"line":31,"column":8},"end":{"line":31,"column":null}},"23":{"start":{"line":34,"column":6},"end":{"line":34,"column":null}},"24":{"start":{"line":38,"column":25},"end":{"line":85,"column":null}},"25":{"start":{"line":39,"column":4},"end":{"line":42,"column":null}},"26":{"start":{"line":40,"column":6},"end":{"line":40,"column":null}},"27":{"start":{"line":41,"column":6},"end":{"line":41,"column":null}},"28":{"start":{"line":44,"column":4},"end":{"line":47,"column":null}},"29":{"start":{"line":45,"column":6},"end":{"line":45,"column":null}},"30":{"start":{"line":46,"column":6},"end":{"line":46,"column":null}},"31":{"start":{"line":49,"column":4},"end":{"line":49,"column":null}},"32":{"start":{"line":51,"column":4},"end":{"line":84,"column":null}},"33":{"start":{"line":52,"column":23},"end":{"line":63,"column":null}},"34":{"start":{"line":65,"column":6},"end":{"line":78,"column":null}},"35":{"start":{"line":66,"column":21},"end":{"line":66,"column":null}},"36":{"start":{"line":67,"column":20},"end":{"line":67,"column":null}},"37":{"start":{"line":68,"column":18},"end":{"line":68,"column":null}},"38":{"start":{"line":69,"column":8},"end":{"line":69,"column":null}},"39":{"start":{"line":70,"column":8},"end":{"line":70,"column":null}},"40":{"start":{"line":71,"column":8},"end":{"line":71,"column":null}},"41":{"start":{"line":72,"column":8},"end":{"line":72,"column":null}},"42":{"start":{"line":73,"column":8},"end":{"line":73,"column":null}},"43":{"start":{"line":74,"column":8},"end":{"line":74,"column":null}},"44":{"start":{"line":76,"column":26},"end":{"line":76,"column":null}},"45":{"start":{"line":77,"column":8},"end":{"line":77,"column":null}},"46":{"start":{"line":80,"column":6},"end":{"line":80,"column":null}},"47":{"start":{"line":81,"column":6},"end":{"line":81,"column":null}},"48":{"start":{"line":83,"column":6},"end":{"line":83,"column":null}},"49":{"start":{"line":115,"column":33},"end":{"line":115,"column":null}},"50":{"start":{"line":129,"column":31},"end":{"line":129,"column":null}},"51":{"start":{"line":136,"column":16},"end":{"line":136,"column":39}},"52":{"start":{"line":152,"column":33},"end":{"line":152,"column":null}},"53":{"start":{"line":163,"column":33},"end":{"line":163,"column":null}}},"fnMap":{"0":{"name":"DownloadPage","decl":{"start":{"line":8,"column":24},"end":{"line":8,"column":null}},"loc":{"start":{"line":8,"column":24},"end":{"line":218,"column":null}}},"1":{"name":"(anonymous_6)","decl":{"start":{"line":20,"column":12},"end":{"line":20,"column":null}},"loc":{"start":{"line":20,"column":12},"end":{"line":23,"column":5}}},"2":{"name":"(anonymous_7)","decl":{"start":{"line":25,"column":22},"end":{"line":25,"column":null}},"loc":{"start":{"line":25,"column":22},"end":{"line":36,"column":null}}},"3":{"name":"(anonymous_8)","decl":{"start":{"line":38,"column":25},"end":{"line":38,"column":null}},"loc":{"start":{"line":38,"column":25},"end":{"line":85,"column":null}}},"4":{"name":"(anonymous_9)","decl":{"start":{"line":115,"column":26},"end":{"line":115,"column":27}},"loc":{"start":{"line":115,"column":33},"end":{"line":115,"column":null}}},"5":{"name":"(anonymous_10)","decl":{"start":{"line":129,"column":24},"end":{"line":129,"column":25}},"loc":{"start":{"line":129,"column":31},"end":{"line":129,"column":null}}},"6":{"name":"(anonymous_11)","decl":{"start":{"line":135,"column":26},"end":{"line":135,"column":27}},"loc":{"start":{"line":136,"column":16},"end":{"line":136,"column":39}}},"7":{"name":"(anonymous_12)","decl":{"start":{"line":152,"column":26},"end":{"line":152,"column":27}},"loc":{"start":{"line":152,"column":33},"end":{"line":152,"column":null}}},"8":{"name":"(anonymous_13)","decl":{"start":{"line":163,"column":26},"end":{"line":163,"column":27}},"loc":{"start":{"line":163,"column":33},"end":{"line":163,"column":null}}}},"branchMap":{"0":{"loc":{"start":{"line":30,"column":6},"end":{"line":32,"column":null}},"type":"if","locations":[{"start":{"line":30,"column":6},"end":{"line":32,"column":null}}]},"1":{"loc":{"start":{"line":39,"column":4},"end":{"line":42,"column":null}},"type":"if","locations":[{"start":{"line":39,"column":4},"end":{"line":42,"column":null}}]},"2":{"loc":{"start":{"line":39,"column":8},"end":{"line":39,"column":48}},"type":"binary-expr","locations":[{"start":{"line":39,"column":8},"end":{"line":39,"column":26}},{"start":{"line":39,"column":26},"end":{"line":39,"column":39}},{"start":{"line":39,"column":39},"end":{"line":39,"column":48}}]},"3":{"loc":{"start":{"line":44,"column":4},"end":{"line":47,"column":null}},"type":"if","locations":[{"start":{"line":44,"column":4},"end":{"line":47,"column":null}}]},"4":{"loc":{"start":{"line":65,"column":6},"end":{"line":78,"column":null}},"type":"if","locations":[{"start":{"line":65,"column":6},"end":{"line":78,"column":null}},{"start":{"line":75,"column":13},"end":{"line":78,"column":null}}]},"5":{"loc":{"start":{"line":77,"column":14},"end":{"line":77,"column":null}},"type":"binary-expr","locations":[{"start":{"line":77,"column":14},"end":{"line":77,"column":29}},{"start":{"line":77,"column":33},"end":{"line":77,"column":null}}]},"6":{"loc":{"start":{"line":89,"column":6},"end":{"line":89,"column":null}},"type":"binary-expr","locations":[{"start":{"line":89,"column":6},"end":{"line":89,"column":35}},{"start":{"line":89,"column":35},"end":{"line":89,"column":null}}]},"7":{"loc":{"start":{"line":94,"column":13},"end":{"line":94,"column":null}},"type":"cond-expr","locations":[{"start":{"line":94,"column":41},"end":{"line":94,"column":59}},{"start":{"line":94,"column":59},"end":{"line":94,"column":null}}]},"8":{"loc":{"start":{"line":100,"column":13},"end":{"line":100,"column":null}},"type":"cond-expr","locations":[{"start":{"line":100,"column":41},"end":{"line":100,"column":52}},{"start":{"line":100,"column":52},"end":{"line":100,"column":null}}]},"9":{"loc":{"start":{"line":108,"column":15},"end":{"line":108,"column":null}},"type":"cond-expr","locations":[{"start":{"line":108,"column":43},"end":{"line":108,"column":56}},{"start":{"line":108,"column":56},"end":{"line":108,"column":null}}]},"10":{"loc":{"start":{"line":111,"column":31},"end":{"line":111,"column":77}},"type":"cond-expr","locations":[{"start":{"line":111,"column":59},"end":{"line":111,"column":73}},{"start":{"line":111,"column":73},"end":{"line":111,"column":77}}]},"11":{"loc":{"start":{"line":115,"column":53},"end":{"line":115,"column":null}},"type":"cond-expr","locations":[{"start":{"line":115,"column":72},"end":{"line":115,"column":79}},{"start":{"line":115,"column":79},"end":{"line":115,"column":null}}]},"12":{"loc":{"start":{"line":118,"column":31},"end":{"line":118,"column":77}},"type":"cond-expr","locations":[{"start":{"line":118,"column":59},"end":{"line":118,"column":73}},{"start":{"line":118,"column":73},"end":{"line":118,"column":77}}]},"13":{"loc":{"start":{"line":125,"column":15},"end":{"line":125,"column":null}},"type":"cond-expr","locations":[{"start":{"line":125,"column":43},"end":{"line":125,"column":60}},{"start":{"line":125,"column":60},"end":{"line":125,"column":null}}]},"14":{"loc":{"start":{"line":133,"column":17},"end":{"line":133,"column":null}},"type":"cond-expr","locations":[{"start":{"line":133,"column":45},"end":{"line":133,"column":67}},{"start":{"line":133,"column":67},"end":{"line":133,"column":null}}]},"15":{"loc":{"start":{"line":147,"column":17},"end":{"line":147,"column":null}},"type":"cond-expr","locations":[{"start":{"line":147,"column":45},"end":{"line":147,"column":59}},{"start":{"line":147,"column":59},"end":{"line":147,"column":null}}]},"16":{"loc":{"start":{"line":158,"column":17},"end":{"line":158,"column":null}},"type":"cond-expr","locations":[{"start":{"line":158,"column":45},"end":{"line":158,"column":57}},{"start":{"line":158,"column":57},"end":{"line":158,"column":null}}]},"17":{"loc":{"start":{"line":173,"column":24},"end":{"line":173,"column":null}},"type":"binary-expr","locations":[{"start":{"line":173,"column":24},"end":{"line":173,"column":41}},{"start":{"line":173,"column":41},"end":{"line":173,"column":59}},{"start":{"line":173,"column":59},"end":{"line":173,"column":72}},{"start":{"line":173,"column":72},"end":{"line":173,"column":null}}]},"18":{"loc":{"start":{"line":175,"column":16},"end":{"line":177,"column":null}},"type":"cond-expr","locations":[{"start":{"line":176,"column":20},"end":{"line":176,"column":null}},{"start":{"line":177,"column":20},"end":{"line":177,"column":null}}]},"19":{"loc":{"start":{"line":175,"column":16},"end":{"line":175,"column":null}},"type":"binary-expr","locations":[{"start":{"line":175,"column":16},"end":{"line":175,"column":33}},{"start":{"line":175,"column":33},"end":{"line":175,"column":51}},{"start":{"line":175,"column":51},"end":{"line":175,"column":64}},{"start":{"line":175,"column":64},"end":{"line":175,"column":null}}]},"20":{"loc":{"start":{"line":181,"column":16},"end":{"line":200,"column":null}},"type":"cond-expr","locations":[{"start":{"line":181,"column":16},"end":{"line":200,"column":null}}]},"21":{"loc":{"start":{"line":197,"column":19},"end":{"line":197,"column":null}},"type":"cond-expr","locations":[{"start":{"line":197,"column":47},"end":{"line":197,"column":66}},{"start":{"line":197,"column":66},"end":{"line":197,"column":null}}]},"22":{"loc":{"start":{"line":209,"column":19},"end":{"line":209,"column":null}},"type":"cond-expr","locations":[{"start":{"line":209,"column":47},"end":{"line":209,"column":64}},{"start":{"line":209,"column":64},"end":{"line":209,"column":null}}]}},"s":{"0":0,"1":0,"2":0,"3":0,"4":0,"5":0,"6":0,"7":0,"8":0,"9":0,"10":0,"11":0,"12":0,"13":0,"14":0,"15":0,"16":0,"17":0,"18":0,"19":0,"20":0,"21":0,"22":0,"23":0,"24":0,"25":0,"26":0,"27":0,"28":0,"29":0,"30":0,"31":0,"32":0,"33":0,"34":0,"35":0,"36":0,"37":0,"38":0,"39":0,"40":0,"41":0,"42":0,"43":0,"44":0,"45":0,"46":0,"47":0,"48":0,"49":0,"50":0,"51":0,"52":0,"53":0},"f":{"0":0,"1":0,"2":0,"3":0,"4":0,"5":0,"6":0,"7":0,"8":0},"b":{"0":[0],"1":[0],"2":[0,0,0],"3":[0],"4":[0,0],"5":[0,0],"6":[0,0],"7":[0,0],"8":[0,0],"9":[0,0],"10":[0,0],"11":[0,0],"12":[0,0],"13":[0,0],"14":[0,0],"15":[0,0],"16":[0,0],"17":[0,0,0,0],"18":[0,0],"19":[0,0,0,0],"20":[0],"21":[0,0],"22":[0,0]}}
,"/Users/tashitsering/Desktop/dictionary_correction/src/app/report/page.js": {"path":"/Users/tashitsering/Desktop/dictionary_correction/src/app/report/page.js","statementMap":{"0":{"start":{"line":22,"column":0},"end":{"line":22,"column":15}},"1":{"start":{"line":1,"column":18},"end":{"line":1,"column":null}},"2":{"start":{"line":2,"column":17},"end":{"line":2,"column":null}},"3":{"start":{"line":4,"column":15},"end":{"line":20,"column":null}},"4":{"start":{"line":5,"column":16},"end":{"line":5,"column":null}},"5":{"start":{"line":9,"column":8},"end":{"line":10,"column":null}},"6":{"start":{"line":22,"column":15},"end":{"line":22,"column":null}}},"fnMap":{"0":{"name":"(anonymous_2)","decl":{"start":{"line":4,"column":15},"end":{"line":4,"column":null}},"loc":{"start":{"line":4,"column":15},"end":{"line":20,"column":null}}},"1":{"name":"(anonymous_3)","decl":{"start":{"line":8,"column":17},"end":{"line":8,"column":18}},"loc":{"start":{"line":9,"column":8},"end":{"line":10,"column":null}}}},"branchMap":{},"s":{"0":0,"1":0,"2":0,"3":0,"4":0,"5":0,"6":0},"f":{"0":0,"1":0},"b":{}}
,"/Users/tashitsering/Desktop/dictionary_correction/src/app/report/components/FinalReviewerTable.js": {"path":"/Users/tashitsering/Desktop/dictionary_correction/src/app/report/components/FinalReviewerTable.js","statementMap":{"0":{"start":{"line":34,"column":0},"end":{"line":34,"column":15}},"1":{"start":{"line":1,"column":17},"end":{"line":1,"column":null}},"2":{"start":{"line":2,"column":18},"end":{"line":2,"column":null}},"3":{"start":{"line":4,"column":27},"end":{"line":32,"column":null}},"4":{"start":{"line":18,"column":12},"end":{"line":18,"column":null}},"5":{"start":{"line":34,"column":15},"end":{"line":34,"column":null}}},"fnMap":{"0":{"name":"(anonymous_2)","decl":{"start":{"line":4,"column":27},"end":{"line":4,"column":28}},"loc":{"start":{"line":4,"column":55},"end":{"line":32,"column":null}}},"1":{"name":"(anonymous_3)","decl":{"start":{"line":17,"column":40},"end":{"line":17,"column":41}},"loc":{"start":{"line":18,"column":12},"end":{"line":18,"column":null}}}},"branchMap":{},"s":{"0":0,"1":0,"2":0,"3":0,"4":0,"5":0},"f":{"0":0,"1":0},"b":{}}
,"/Users/tashitsering/Desktop/dictionary_correction/src/app/report/components/ReviewerReportTable.js": {"path":"/Users/tashitsering/Desktop/dictionary_correction/src/app/report/components/ReviewerReportTable.js","statementMap":{"0":{"start":{"line":123,"column":0},"end":{"line":123,"column":15}},"1":{"start":{"line":1,"column":33},"end":{"line":1,"column":null}},"2":{"start":{"line":2,"column":17},"end":{"line":2,"column":null}},"3":{"start":{"line":3,"column":18},"end":{"line":3,"column":null}},"4":{"start":{"line":5,"column":28},"end":{"line":121,"column":null}},"5":{"start":{"line":6,"column":26},"end":{"line":31,"column":null}},"6":{"start":{"line":8,"column":23},"end":{"line":8,"column":null}},"7":{"start":{"line":10,"column":4},"end":{"line":30,"column":null}},"8":{"start":{"line":11,"column":6},"end":{"line":11,"column":29}},"9":{"start":{"line":12,"column":11},"end":{"line":30,"column":null}},"10":{"start":{"line":13,"column":6},"end":{"line":13,"column":29}},"11":{"start":{"line":14,"column":11},"end":{"line":30,"column":null}},"12":{"start":{"line":15,"column":6},"end":{"line":15,"column":29}},"13":{"start":{"line":16,"column":11},"end":{"line":30,"column":null}},"14":{"start":{"line":17,"column":6},"end":{"line":17,"column":29}},"15":{"start":{"line":18,"column":11},"end":{"line":30,"column":null}},"16":{"start":{"line":19,"column":6},"end":{"line":19,"column":29}},"17":{"start":{"line":20,"column":11},"end":{"line":30,"column":null}},"18":{"start":{"line":21,"column":6},"end":{"line":21,"column":29}},"19":{"start":{"line":22,"column":11},"end":{"line":30,"column":null}},"20":{"start":{"line":23,"column":6},"end":{"line":23,"column":29}},"21":{"start":{"line":24,"column":11},"end":{"line":30,"column":null}},"22":{"start":{"line":25,"column":6},"end":{"line":25,"column":29}},"23":{"start":{"line":26,"column":11},"end":{"line":30,"column":null}},"24":{"start":{"line":27,"column":6},"end":{"line":27,"column":29}},"25":{"start":{"line":29,"column":6},"end":{"line":29,"column":29}},"26":{"start":{"line":33,"column":26},"end":{"line":58,"column":null}},"27":{"start":{"line":35,"column":23},"end":{"line":35,"column":null}},"28":{"start":{"line":37,"column":4},"end":{"line":57,"column":nul
[...]
:188,"column":null}},"78":{"start":{"line":189,"column":4},"end":{"line":189,"column":null}},"79":{"start":{"line":191,"column":4},"end":{"line":191,"column":null}},"80":{"start":{"line":192,"column":4},"end":{"line":192,"column":null}},"81":{"start":{"line":203,"column":26},"end":{"line":256,"column":null}},"82":{"start":{"line":204,"column":44},"end":{"line":204,"column":null}},"83":{"start":{"line":206,"column":30},"end":{"line":214,"column":null}},"84":{"start":{"line":215,"column":2},"end":{"line":217,"column":null}},"85":{"start":{"line":216,"column":4},"end":{"line":216,"column":null}},"86":{"start":{"line":220,"column":2},"end":{"line":255,"column":null}},"87":{"start":{"line":221,"column":39},"end":{"line":246,"column":null}},"88":{"start":{"line":247,"column":29},"end":{"line":247,"column":46}},"89":{"start":{"line":248,"column":4},"end":{"line":248,"column":null}},"90":{"start":{"line":249,"column":4},"end":{"line":251,"column":null}},"91":{"start":{"line":253,"column":4},"end":{"line":253,"column":null}},"92":{"start":{"line":254,"column":4},"end":{"line":254,"column":null}},"93":{"start":{"line":258,"column":41},"end":{"line":273,"column":null}},"94":{"start":{"line":259,"column":2},"end":{"line":272,"column":null}},"95":{"start":{"line":260,"column":18},"end":{"line":260,"column":null}},"96":{"start":{"line":262,"column":4},"end":{"line":264,"column":null}},"97":{"start":{"line":263,"column":6},"end":{"line":263,"column":null}},"98":{"start":{"line":265,"column":27},"end":{"line":266,"column":null}},"99":{"start":{"line":266,"column":26},"end":{"line":266,"column":null}},"100":{"start":{"line":268,"column":4},"end":{"line":268,"column":null}},"101":{"start":{"line":270,"column":4},"end":{"line":270,"column":null}},"102":{"start":{"line":271,"column":4},"end":{"line":271,"column":null}},"103":{"start":{"line":275,"column":39},"end":{"line":307,"column":null}},"104":{"start":{"line":276,"column":31},"end":{"line":276,"column":null}},"105":{"start":{"line":282,"column":6},"end":{"line":287,"column":null}},"106":{"start":{"line":289,"column":25},"end":{"line":302,"column":null}},"107":{"start":{"line":304,"column":32},"end":{"line":304,"column":null}},"108":{"start":{"line":306,"column":2},"end":{"line":306,"column":null}},"109":{"start":{"line":310,"column":30},"end":{"line":335,"column":null}},"110":{"start":{"line":311,"column":26},"end":{"line":333,"column":null}},"111":{"start":{"line":313,"column":4},"end":{"line":319,"column":null}},"112":{"start":{"line":314,"column":6},"end":{"line":316,"column":null}},"113":{"start":{"line":317,"column":18},"end":{"line":317,"column":null}},"114":{"start":{"line":318,"column":6},"end":{"line":318,"column":36}},"115":{"start":{"line":320,"column":4},"end":{"line":331,"column":null}},"116":{"start":{"line":321,"column":6},"end":{"line":321,"column":null}},"117":{"start":{"line":322,"column":6},"end":{"line":322,"column":null}},"118":{"start":{"line":324,"column":6},"end":{"line":327,"column":null}},"119":{"start":{"line":325,"column":20},"end":{"line":325,"column":null}},"120":{"start":{"line":326,"column":8},"end":{"line":326,"column":29}},"121":{"start":{"line":328,"column":6},"end":{"line":330,"column":null}},"122":{"start":{"line":329,"column":8},"end":{"line":329,"column":null}},"123":{"start":{"line":332,"column":4},"end":{"line":332,"column":null}},"124":{"start":{"line":334,"column":2},"end":{"line":334,"column":null}},"125":{"start":{"line":337,"column":31},"end":{"line":350,"column":null}},"126":{"start":{"line":338,"column":2},"end":{"line":349,"column":null}},"127":{"start":{"line":339,"column":22},"end":{"line":344,"column":null}},"128":{"start":{"line":345,"column":4},"end":{"line":345,"column":null}},"129":{"start":{"line":347,"column":4},"end":{"line":347,"column":null}},"130":{"start":{"line":348,"column":4},"end":{"line":348,"column":null}},"131":{"start":{"line":353,"column":45},"end":{"line":365,"column":null}},"132":{"start":{"line":354,"column":2},"end":{"line":364,"column":null}},"133":{"start":{"line":355,"column":22},"end":{"line":355,"column":null}},"134":{"start":{"line":356,"column":28},"end":{"line":357,"column":null}},"135":{"start":{"line":357,"column":34},"end":{"line":357,"column":null}},"136":{"start":{"line":360,"column":4},"end":{"line":360,"column":null}},"137":{"start":{"line":362,"column":4},"end":{"line":362,"column":null}},"138":{"start":{"line":363,"column":4},"end":{"line":363,"column":null}},"139":{"start":{"line":367,"column":42},"end":{"line":395,"column":null}},"140":{"start":{"line":368,"column":23},"end":{"line":368,"column":null}},"141":{"start":{"line":370,"column":41},"end":{"line":373,"column":null}},"142":{"start":{"line":375,"column":22},"end":{"line":386,"column":null}},"143":{"start":{"line":389,"column":29},"end":{"line":391,"column":null}},"144":{"start":{"line":394,"column":2},"end":{"line":394,"column":null}},"145":{"start":{"line":397,"column":33},"end":{"line":415,"column":null}},"146":{"start":{"line":398,"column":30},"end":{"line":413,"column":null}},"147":{"start":{"line":399,"column":4},"end":{"line":411,"column":null}},"148":{"start":{"line":400,"column":6},"end":{"line":402,"column":null}},"149":{"start":{"line":401,"column":8},"end":{"line":401,"column":null}},"150":{"start":{"line":403,"column":6},"end":{"line":405,"column":null}},"151":{"start":{"line":406,"column":18},"end":{"line":408,"column":null}},"152":{"start":{"line":410,"column":6},"end":{"line":410,"column":27}},"153":{"start":{"line":412,"column":4},"end":{"line":412,"column":null}},"154":{"start":{"line":414,"column":2},"end":{"line":414,"column":null}},"155":{"start":{"line":418,"column":50},"end":{"line":427,"column":null}},"156":{"start":{"line":419,"column":2},"end":{"line":426,"column":null}},"157":{"start":{"line":420,"column":27},"end":{"line":420,"column":null}},"158":{"start":{"line":421,"column":24},"end":{"line":421,"column":null}},"159":{"start":{"line":422,"column":4},"end":{"line":422,"column":null}},"160":{"start":{"line":424,"column":4},"end":{"line":424,"column":null}},"161":{"start":{"line":425,"column":4},"end":{"line":425,"column":null}},"162":{"start":{"line":429,"column":36},"end":{"line":442,"column":null}},"163":{"start":{"line":430,"column":2},"end":{"line":441,"column":null}},"164":{"start":{"line":431,"column":27},"end":{"line":436,"column":null}},"165":{"start":{"line":437,"column":4},"end":{"line":437,"column":null}},"166":{"start":{"line":439,"column":4},"end":{"line":439,"column":null}},"167":{"start":{"line":440,"column":4},"end":{"line":440,"column":null}},"168":{"start":{"line":444,"column":47},"end":{"line":468,"column":null}},"169":{"start":{"line":448,"column":28},"end":{"line":448,"column":30}},"170":{"start":{"line":450,"column":2},"end":{"line":466,"column":null}},"171":{"start":{"line":451,"column":25},"end":{"line":451,"column":null}},"172":{"start":{"line":453,"column":29},"end":{"line":458,"column":null}},"173":{"start":{"line":460,"column":35},"end":{"line":463,"column":null}},"174":{"start":{"line":465,"column":4},"end":{"line":465,"column":null}},"175":{"start":{"line":467,"column":2},"end":{"line":467,"column":null}}},"fnMap":{"0":{"name":"(anonymous_18)","decl":{"start":{"line":17,"column":26},"end":{"line":17,"column":null}},"loc":{"start":{"line":17,"column":26},"end":{"line":39,"column":null}}},"1":{"name":"(anonymous_19)","decl":{"start":{"line":41,"column":26},"end":{"line":41,"column":33}},"loc":{"start":{"line":41,"column":33},"end":{"line":97,"column":null}}},"2":{"name":"(anonymous_20)","decl":{"start":{"line":99,"column":26},"end":{"line":99,"column":33}},"loc":{"start":{"line":99,"column":33},"end":{"line":112,"column":null}}},"3":{"name":"(anonymous_21)","decl":{"start":{"line":114,"column":24},"end":{"line":114,"column":31}},"loc":{"start":{"line":114,"column":35},"end":{"line":179,"column":null}}},"4":{"name":"(anonymous_22)","decl":{"start":{"line":181,"column":31},"end":{"line":181,"column":38}},"loc":{"start":{"line":181,"column":38},"end":{"line":194,"column":null}}},"5":{"name":"(anonymous_23)","decl":{"start":{"line":203,"column":26},"end":{"line":203,"column":33}},"loc":{"start":{"line":203,"column":33},"end":{"line":256,"column":null}}},"6":{"name":"(anonymous_24)","decl":{"start":{"line":258,"column":41},"end":{"line":258,"column":48}},"loc":{"start":{"line":258,"column":57},"end":{"line":273,"column":null}}},"7":{"name":"(anonymous_25)","decl":{"start":{"line":266,"column":16},"end":{"line":266,"column":17}},"loc":{"start":{"line":266,"column":26},"end":{"line":266,"column":null}}},"8":{"name":"(anonymous_26)","decl":{"start":{"line":275,"column":39},"end":{"line":275,"column":46}},"loc":{"start":{"line":275,"column":59},"end":{"line":307,"column":null}}},"9":{"name":"(anonymous_27)","decl":{"start":{"line":310,"column":30},"end":{"line":310,"column":31}},"loc":{"start":{"line":310,"column":47},"end":{"line":335,"column":null}}},"10":{"name":"(anonymous_28)","decl":{"start":{"line":311,"column":43},"end":{"line":311,"column":44}},"loc":{"start":{"line":311,"column":49},"end":{"line":333,"column":5}}},"11":{"name":"(anonymous_29)","decl":{"start":{"line":337,"column":31},"end":{"line":337,"column":38}},"loc":{"start":{"line":337,"column":38},"end":{"line":350,"column":null}}},"12":{"name":"(anonymous_30)","decl":{"start":{"line":353,"column":45},"end":{"line":353,"column":52}},"loc":{"start":{"line":353,"column":61},"end":{"line":365,"column":null}}},"13":{"name":"(anonymous_31)","decl":{"start":{"line":357,"column":20},"end":{"line":357,"column":21}},"loc":{"start":{"line":357,"column":34},"end":{"line":357,"column":null}}},"14":{"name":"(anonymous_32)","decl":{"start":{"line":367,"column":42},"end":{"line":367,"column":49}},"loc":{"start":{"line":367,"column":59},"end":{"line":395,"column":null}}},"15":{"name":"(anonymous_33)","decl":{"start":{"line":397,"column":33},"end":{"line":397,"column":34}},"loc":{"start":{"line":397,"column":47},"end":{"line":415,"column":null}}},"16":{"name":"(anonymous_34)","decl":{"start":{"line":398,"column":51},"end":{"line":398,"column":52}},"loc":{"start":{"line":398,"column":57},"end":{"line":413,"column":5}}},"17":{"name":"(anonymous_35)","decl":{"start":{"line":418,"column":50},"end":{"line":418,"column":57}},"loc":{"start":{"line":418,"column":66},"end":{"line":427,"column":null}}},"18":{"name":"(anonymous_36)","decl":{"start":{"line":429,"column":36},"end":{"line":429,"column":43}},"loc":{"start":{"line":429,"column":43},"end":{"line":442,"column":null}}},"19":{"name":"(anonymous_37)","decl":{"start":{"line":444,"column":47},"end":{"line":444,"column":null}},"loc":{"start":{"line":446,"column":2},"end":{"line":468,"column":null}}}},"branchMap":{"0":{"loc":{"start":{"line":60,"column":4},"end":{"line":72,"column":null}},"type":"if","locations":[{"start":{"line":60,"column":4},"end":{"line":72,"column":null}},{"start":{"line":64,"column":11},"end":{"line":72,"column":null}}]},"1":{"loc":{"start":{"line":60,"column":8},"end":{"line":60,"column":35}},"type":"binary-expr","locations":[{"start":{"line":60,"column":8},"end":{"line":60,"column":22}},{"start":{"line":60,"column":22},"end":{"line":60,"column":35}}]},"2":{"loc":{"start":{"line":64,"column":11},"end":{"line":72,"column":null}},"type":"if","locations":[{"start":{"line":64,"column":11},"end":{"line":72,"column":null}},{"start":{"line":68,"column":11},"end":{"line":72,"column":null}}]},"3":{"loc":{"start":{"line":68,"column":11},"end":{"line":72,"column":null}},"type":"if","locations":[{"start":{"line":68,"column":11},"end":{"line":72,"column":null}}]},"4":{"loc":{"start":{"line":84,"column":4},"end":{"line":92,"column":null}},"type":"if","locations":[{"start":{"line":84,"column":4},"end":{"line":92,"column":null}},{"start":{"line":88,"column":11},"end":{"line":92,"column":null}}]},"5":{"loc":{"start":{"line":140,"column":4},"end":{"line":152,"column":null}},"type":"if","locations":[{"start":{"line":140,"column":4},"end":{"line":152,"column":null}},{"start":{"line":144,"column":11},"end":{"line":152,"column":null}}]},"6":{"loc":{"start":{"line":140,"column":8},"end":{"line":140,"column":35}},"type":"binary-expr","locations":[{"start":{"line":140,"column":8},"end":{"line":140,"column":22}},{"start":{"line":140,"column":22},"end":{"line":140,"column":35}}]},"7":{"loc":{"start":{"line":144,"column":11},"end":{"line":152,"column":null}},"type":"if","locations":[{"start":{"line":144,"column":11},"end":{"line":152,"column":null}},{"start":{"line":148,"column":11},"end":{"line":152,"column":null}}]},"8":{"loc":{"start":{"line":148,"column":11},"end":{"line":152,"column":null}},"type":"if","locations":[{"start":{"line":148,"column":11},"end":{"line":152,"column":null}}]},"9":{"loc":{"start":{"line":166,"column":4},"end":{"line":174,"column":null}},"type":"if","locations":[{"start":{"line":166,"column":4},"end":{"line":174,"column":null}},{"start":{"line":170,"column":11},"end":{"line":174,"column":null}}]},"10":{"loc":{"start":{"line":215,"column":2},"end":{"line":217,"column":null}},"type":"if","locations":[{"start":{"line":215,"column":2},"end":{"line":217,"column":null}}]},"11":{"loc":{"start":{"line":236,"column":12},"end":{"line":240,"column":null}},"type":"cond-expr","locations":[{"start":{"line":237,"column":16},"end":{"line":237,"column":null}},{"start":{"line":238,"column":16},"end":{"line":240,"column":null}}]},"12":{"loc":{"start":{"line":238,"column":16},"end":{"line":240,"column":null}},"type":"cond-expr","locations":[{"start":{"line":239,"column":16},"end":{"line":239,"column":null}},{"start":{"line":240,"column":16},"end":{"line":240,"column":null}}]},"13":{"loc":{"start":{"line":262,"column":4},"end":{"line":264,"column":null}},"type":"if","locations":[{"start":{"line":262,"column":4},"end":{"line":264,"column":null}}]},"14":{"loc":{"start":{"line":293,"column":32},"end":{"line":293,"column":null}},"type":"binary-expr","locations":[{"start":{"line":293,"column":32},"end":{"line":293,"column":60}},{"start":{"line":293,"column":60},"end":{"line":293,"column":null}}]},"15":{"loc":{"start":{"line":295,"column":17},"end":{"line":295,"column":null}},"type":"binary-expr","locations":[{"start":{"line":295,"column":17},"end":{"line":295,"column":35}},{"start":{"line":295,"column":35},"end":{"line":295,"column":null}}]},"16":{"loc":{"start":{"line":313,"column":4},"end":{"line":319,"column":null}},"type":"if","locations":[{"start":{"line":313,"column":4},"end":{"line":319,"column":null}}]},"17":{"loc":{"start":{"line":313,"column":8},"end":{"line":313,"column":52}},"type":"binary-expr","locations":[{"start":{"line":313,"column":8},"end":{"line":313,"column":33}},{"start":{"line":313,"column":37},"end":{"line":313,"column":52}}]},"18":{"loc":{"start":{"line":314,"column":42},"end":{"line":316,"column":null}},"type":"cond-expr","locations":[{"start":{"line":315,"column":10},"end":{"line":315,"column":null}},{"start":{"line":316,"column":10},"end":{"line":316,"column":null}}]},"19":{"loc":{"start":{"line":320,"column":4},"end":{"line":331,"column":null}},"type":"if","locations":[{"start":{"line":320,"column":4},"end":{"line":331,"column":null}}]},"20":{"loc":{"start":{"line":322,"column":28},"end":{"line":322,"column":null}},"type":"cond-expr","locations":[{"start":{"line":322,"column":46},"end":{"line":322,"column":72}},{"start":{"line":322,"column":72},"end":{"line":322,"column":null}}]},"21":{"loc":{"start":{"line":324,"column":6},"end":{"line":327,"column":null}},"type":"if","locations":[{"start":{"line":324,"column":6},"end":{"line":327,"column":null}}]},"22":{"loc":{"start":{"line":324,"column":10},"end":{"line":324,"column":53}},"type":"binary-expr","locations":[{"start":{"line":324,"column":10},"end":{"line":324,"column":25}},{"start":{"line":324,"column":29},"end":{"line":324,"column":53}}]},"23":{"loc":{"start":{"line":328,"column":6},"end":{"line":330,"column":null}},"type":"if","locations":[{"start":{"line":328,"column":6},"end":{"line":330,"column":null}}]},"24":{"loc":{"start":{"line":399,"column":4},"end":{"line":411,"column":null}},"type":"if","locations":[{"start":{"line":399,"column":4},"end":{"line":411,"column":null}}]},"25":{"loc":{"start":{"line":399,"column":8},"end":{"line":399,"column":66}},"type":"binary-expr","locations":[{"start":{"line":399,"column":8},"end":{"line":399,"column":32}},{"start":{"line":399,"column":36},"end":{"line":399,"column":66}}]},"26":{"loc":{"start":{"line":400,"column":6},"end":{"line":402,"column":null}},"type":"if","locations":[{"start":{"line":400,"column":6},"end":{"line":402,"column":null}}]},"27":{"loc":{"start":{"line":403,"column":28},"end":{"line":405,"column":null}},"type":"cond-expr","locations":[{"start":{"line":404,"column":10},"end":{"line":404,"column":41}},{"start":{"line":405,"column":10},"end":{"line":405,"column":null}}]}},"s":{"0":0,"1":0,"2":0,"3":0,"4":0,"5":0,"6":0,"7":0,"8":0,"9":0,"10":0,"11":0,"12":0,"13":0,"14":0,"15":0,"16":0,"17":0,"18":0,"19":0,"20":0,"21":0,"22":0,"23":0,"24":0,"25":0,"26":0,"27":0,"28":0,"29":0,"30":0,"31":0,"32":0,"33":0,"34":0,"35":0,"36":0,"37":0,"38":0,"39":0,"40":0,"41":0,"42":0,"43":0,"44":0,"45":0,"46":0,"47":0,"48":0,"49":0,"50":0,"51":0,"52":0,"53":0,"54":0,"55":0,"56":0,"57":0,"58":0,"59":0,"60":0,"61":0,"62":0,"63":0,"64":0,"65":0,"66":0,"67":0,"68":0,"69":0,"70":0,"71":0,"72":0,"73":0,"74":0,"75":0,"76":0,"77":0,"78":0,"79":0,"80":0,"81":0,"82":0,"83":0,"84":0,"85":0,"86":0,"87":0,"88":0,"89":0,"90":0,"91":0,"92":0,"93":0,"94":0,"95":0,"96":0,"97":0,"98":0,"99":0,"100":0,"101":0,"102":0,"103":0,"104":0,"105":0,"106":0,"107":0,"108":0,"109":0,"110":0,"111":0,"112":0,"113":0,"114":0,"115":0,"116":0,"117":0,"118":0,"119":0,"120":0,"121":0,"122":0,"123":0,"124":0,"125":0,"126":0,"127":0,"128":0,"129":0,"130":0,"131":0,"132":0,"133":0,"134":0,"135":0,"136":0,"137":0,"138":0,"139":0,"140":0,"141":0,"142":0,"143":0,"144":0,"145":0,"146":0,"147":0,"148":0,"149":0,"150":0,"151":0,"152":0,"153":0,"154":0,"155":0,"156":0,"157":0,"158":0,"159":0,"160":0,"161":0,"162":0,"163":0,"164":0,"165":0,"166":0,"167":0,"168":0,"169":0,"170":0,"171":0,"172":0,"173":0,"174":0,"175":0},"f":{"0":0,"1":0,"2":0,"3":0,"4":0,"5":0,"6":0,"7":0,"8":0,"9":0,"10":0,"11":0,"12":0,"13":0,"14":0,"15":0,"16":0,"17":0,"18":0,"19":0},"b":{"0":[0,0],"1":[0,0],"2":[0,0],"3":[0],"4":[0,0],"5":[0,0],"6":[0,0],"7":[0,0],"8":[0],"9":[0,0],"10":[0],"11":[0,0],"12":[0,0],"13":[0],"14":[0,0],"15":[0,0],"16":[0],"17":[0,0],"18":[0,0],"19":[0],"20":[0,0],"21":[0],"22":[0,0],"23":[0],"24":[0],"25":[0,0],"26":[0],"27":[0,0]}}
,"/Users/tashitsering/Desktop/dictionary_correction/src/service/db.tsx": {"path":"/Users/tashitsering/Desktop/dictionary_correction/src/service/db.tsx","statementMap":{"0":{"start":{"line":13,"column":0},"end":{"line":13,"column":15}},"1":{"start":{"line":1,"column":29},"end":{"line":1,"column":null}},"2":{"start":{"line":3,"column":30},"end":{"line":5,"column":null}},"3":{"start":{"line":4,"column":2},"end":{"line":4,"column":null}},"4":{"start":{"line":11,"column":15},"end":{"line":11,"column":null}},"5":{"start":{"line":13,"column":15},"end":{"line":13,"column":null}},"6":{"start":{"line":15,"column":0},"end":{"line":15,"column":null}},"7":{"start":{"line":15,"column":43},"end":{"line":15,"column":null}}},"fnMap":{"0":{"name":"(anonymous_1)","decl":{"start":{"line":3,"column":30},"end":{"line":3,"column":null}},"loc":{"start":{"line":3,"column":30},"end":{"line":5,"column":null}}}},"branchMap":{"0":{"loc":{"start":{"line":11,"column":15},"end":{"line":11,"column":null}},"type":"binary-expr","locations":[{"start":{"line":11,"column":15},"end":{"line":11,"column":32}},{"start":{"line":11,"column":36},"end":{"line":11,"column":null}}]},"1":{"loc":{"start":{"line":15,"column":0},"end":{"line":15,"column":null}},"type":"if","locations":[{"start":{"line":15,"column":0},"end":{"line":15,"column":null}}]}},"s":{"0":0,"1":0,"2":0,"3":0,"4":0,"5":0,"6":0,"7":0},"f":{"0":0},"b":{"0":[0,0],"1":[0]}}
}
