TN:
SF:src/app/layout.tsx
FN:10,RootLayout
FNF:1
FNH:0
FNDA:0,RootLayout
DA:1,0
DA:2,0
DA:5,0
DA:10,0
LF:4
LH:0
BRF:0
BRH:0
end_of_record
TN:
SF:src/app/page.tsx
FN:6,Home
FN:38,(anonymous_3)
FNF:2
FNH:0
FNDA:0,Home
FNDA:0,(anonymous_3)
DA:1,0
DA:2,0
DA:3,0
DA:4,0
DA:6,0
DA:7,0
DA:8,0
DA:13,0
DA:14,0
DA:15,0
DA:16,0
DA:18,0
DA:19,0
DA:20,0
DA:24,0
DA:39,0
LF:16
LH:0
BRDA:13,0,0,0
BRDA:13,1,0,0
BRDA:13,1,1,0
BRDA:15,2,0,0
BRDA:15,2,1,0
BRDA:33,3,0,0
BRDA:32,4,0,0
BRDA:32,4,1,0
BRDA:51,5,0,0
BRF:9
BRH:0
end_of_record
TN:
SF:src/app/api/download-csv/route.js
FN:4,POST
FN:83,(anonymous_3)
FN:108,(anonymous_4)
FNF:3
FNH:0
FNDA:0,POST
FNDA:0,(anonymous_3)
FNDA:0,(anonymous_4)
DA:2,0
DA:4,0
DA:5,0
DA:6,0
DA:8,0
DA:9,0
DA:16,0
DA:21,0
DA:22,0
DA:28,0
DA:29,0
DA:36,0
DA:61,0
DA:83,0
DA:106,0
DA:108,0
DA:112,0
DA:121,0
DA:122,0
LF:19
LH:0
BRDA:8,0,0,0
BRDA:8,1,0,0
BRDA:8,1,1,0
BRDA:8,1,2,0
BRDA:8,1,3,0
BRDA:21,2,0,0
BRDA:28,3,0,0
BRDA:28,4,0,0
BRDA:28,4,1,0
BRDA:85,5,0,0
BRDA:85,5,1,0
BRDA:88,6,0,0
BRDA:88,6,1,0
BRDA:89,7,0,0
BRDA:89,7,1,0
BRDA:90,8,0,0
BRDA:90,8,1,0
BRDA:91,9,0,0
BRDA:91,9,1,0
BRDA:92,10,0,0
BRDA:92,10,1,0
BRDA:93,11,0,0
BRDA:93,11,1,0
BRDA:94,12,0,0
BRDA:94,12,1,0
BRDA:95,13,0,0
BRDA:95,13,1,0
BRDA:96,14,0,0
BRDA:96,14,1,0
BRDA:97,15,0,0
BRDA:97,15,1,0
BRDA:98,16,0,0
BRDA:98,16,1,0
BRDA:99,17,0,0
BRDA:99,17,1,0
BRDA:100,18,0,0
BRDA:100,18,1,0
BRDA:101,19,0,0
BRDA:101,19,1,0
BRDA:102,20,0,0
BRDA:102,20,1,0
BRF:41
BRH:0
end_of_record
TN:
SF:src/app/api/groups/route.js
FN:4,GET
FNF:1
FNH:0
FNDA:0,GET
DA:2,0
DA:4,0
DA:5,0
DA:6,0
DA:16,0
DA:18,0
DA:19,0
LF:7
LH:0
BRF:0
BRH:0
end_of_record
TN:
SF:src/app/dashboard/page.js
FN:4,(anonymous_2)
FN:9,(anonymous_3)
FNF:2
FNH:0
FNDA:0,(anonymous_2)
FNDA:0,(anonymous_3)
DA:1,0
DA:2,0
DA:4,0
DA:5,0
DA:10,0
DA:23,0
LF:6
LH:0
BRF:0
BRH:0
end_of_record
TN:
SF:src/app/dashboard/group/AddGroupModal.js
FN:7,(anonymous_5)
FN:17,(anonymous_6)
FN:45,(anonymous_7)
FNF:3
FNH:0
FNDA:0,(anonymous_5)
FNDA:0,(anonymous_6)
FNDA:0,(anonymous_7)
DA:3,0
DA:4,0
DA:5,0
DA:7,0
DA:8,0
DA:18,0
DA:19,0
DA:20,0
DA:46,0
DA:47,0
DA:48,0
DA:60,0
LF:12
LH:0
BRF:0
BRH:0
end_of_record
TN:
SF:src/app/dashboard/group/EditGroupModal.js
FN:6,(anonymous_5)
FN:17,(anonymous_6)
FN:92,(anonymous_7)
FNF:3
FNH:0
FNDA:0,(anonymous_5)
FNDA:0,(anonymous_6)
FNDA:0,(anonymous_7)
DA:2,0
DA:3,0
DA:4,0
DA:6,0
DA:7,0
DA:18,0
DA:19,0
DA:20,0
DA:93,0
DA:94,0
DA:95,0
DA:107,0
LF:12
LH:0
BRF:0
BRH:0
end_of_record
TN:
SF:src/app/dashboard/group/GroupDashboard.js
FN:10,(anonymous_5)
FN:12,(anonymous_6)
FN:24,(anonymous_7)
FN:35,(anonymous_8)
FN:51,(anonymous_9)
FN:61,(anonymous_10)
FN:68,(anonymous_11)
FNF:7
FNH:0
FNDA:0,(anonymous_5)
FNDA:0,(anonymous_6)
FNDA:0,(anonymous_7)
FNDA:0,(anonymous_8)
FNDA:0,(anonymous_9)
FNDA:0,(anonymous_10)
FNDA:0,(anonymous_11)
DA:3,0
DA:4,0
DA:5,0
DA:6,0
DA:7,0
DA:8,0
DA:10,0
DA:11,0
DA:12,0
DA:13,0
DA:14,0
DA:15,0
DA:16,0
DA:20,0
DA:24,0
DA:25,0
DA:26,0
DA:35,0
DA:52,0
DA:61,0
DA:68,0
DA:85,0
LF:22
LH:0
BRDA:15,0,0,0
BRDA:15,0,1,0
BRDA:15,1,0,0
BRDA:15,1,1,0
BRDA:55,2,0,0
BRDA:55,2,1,0
BRDA:56,3,0,0
BRDA:56,3,1,0
BRF:8
BRH:0
end_of_record
TN:
SF:src/app/dashboard/group/page.js
FN:6,(anonymous_4)
FNF:1
FNH:0
FNDA:0,(anonymous_4)
DA:1,0
DA:2,0
DA:3,0
DA:4,0
DA:6,0
DA:7,0
DA:16,0
LF:7
LH:0
BRF:0
BRH:0
end_of_record
TN:
SF:src/app/dashboard/task/TaskDashbooard.js
FN:4,(anonymous_2)
FNF:1
FNH:0
FNDA:0,(anonymous_2)
DA:1,0
DA:2,0
DA:4,0
DA:12,0
LF:4
LH:0
BRF:0
BRH:0
end_of_record
TN:
SF:src/app/dashboard/task/TaskForm.js
FN:8,(anonymous_5)
FN:13,(anonymous_6)
FN:17,(anonymous_7)
FN:22,(anonymous_8)
FN:29,(anonymous_9)
FN:78,(anonymous_10)
FNF:6
FNH:0
FNDA:0,(anonymous_5)
FNDA:0,(anonymous_6)
FNDA:0,(anonymous_7)
FNDA:0,(anonymous_8)
FNDA:0,(anonymous_9)
FNDA:0,(anonymous_10)
DA:2,0
DA:3,0
DA:4,0
DA:5,0
DA:6,0
DA:8,0
DA:9,0
DA:10,0
DA:11,0
DA:13,0
DA:14,0
DA:17,0
DA:19,0
DA:23,0
DA:24,0
DA:29,0
DA:30,0
DA:31,0
DA:32,0
DA:34,0
DA:35,0
DA:36,0
DA:39,0
DA:40,0
DA:42,0
DA:79,0
DA:80,0
DA:90,0
LF:28
LH:0
BRDA:30,0,0,0
BRDA:39,1,0,0
BRDA:39,1,1,0
BRF:3
BRH:0
end_of_record
TN:
SF:src/app/dashboard/task/page.js
FN:5,(anonymous_2)
FNF:1
FNH:0
FNDA:0,(anonymous_2)
DA:1,0
DA:2,0
DA:3,0
DA:5,0
DA:6,0
DA:17,0
LF:6
LH:0
BRF:0
BRH:0
end_of_record
TN:
SF:src/app/dashboard/user/AddUserModal.js
FN:8,(anonymous_5)
FN:15,(anonymous_6)
FN:28,(anonymous_7)
FN:32,(anonymous_8)
FN:59,(anonymous_9)
FN:124,(anonymous_10)
FNF:6
FNH:0
FNDA:0,(anonymous_5)
FNDA:0,(anonymous_6)
FNDA:0,(anonymous_7)
FNDA:0,(anonymous_8)
FNDA:0,(anonymous_9)
FNDA:0,(anonymous_10)
DA:3,0
DA:4,0
DA:5,0
DA:6,0
DA:8,0
DA:9,0
DA:10,0
DA:11,0
DA:12,0
DA:13,0
DA:15,0
DA:16,0
DA:17,0
DA:19,0
DA:20,0
DA:22,0
DA:28,0
DA:29,0
DA:32,0
DA:33,0
DA:36,0
DA:60,0
DA:61,0
DA:62,0
DA:125,0
DA:126,0
DA:127,0
DA:128,0
DA:130,0
DA:132,0
DA:144,0
LF:31
LH:0
BRDA:19,0,0,0
BRDA:19,0,1,0
BRDA:85,1,0,0
BRDA:127,2,0,0
BRDA:127,2,1,0
BRF:5
BRH:0
end_of_record
TN:
SF:src/app/dashboard/user/EditUserModal.js
FN:7,(anonymous_5)
FN:15,(anonymous_6)
FN:28,(anonymous_7)
FN:39,(anonymous_8)
FN:44,(anonymous_9)
FN:48,(anonymous_10)
FN:80,(anonymous_11)
FN:162,(anonymous_12)
FNF:8
FNH:0
FNDA:0,(anonymous_5)
FNDA:0,(anonymous_6)
FNDA:0,(anonymous_7)
FNDA:0,(anonymous_8)
FNDA:0,(anonymous_9)
FNDA:0,(anonymous_10)
FNDA:0,(anonymous_11)
FNDA:0,(anonymous_12)
DA:2,0
DA:3,0
DA:4,0
DA:5,0
DA:7,0
DA:8,0
DA:9,0
DA:10,0
DA:11,0
DA:12,0
DA:13,0
DA:15,0
DA:16,0
DA:17,0
DA:19,0
DA:20,0
DA:22,0
DA:28,0
DA:29,0
DA:30,0
DA:31,0
DA:32,0
DA:33,0
DA:34,0
DA:35,0
DA:36,0
DA:37,0
DA:39,0
DA:40,0
DA:44,0
DA:45,0
DA:48,0
DA:49,0
DA:52,0
DA:81,0
DA:82,0
DA:83,0
DA:163,0
DA:164,0
DA:165,0
DA:166,0
DA:168,0
DA:170,0
DA:183,0
LF:44
LH:0
BRDA:19,0,0,0
BRDA:19,0,1,0
BRDA:33,1,0,0
BRDA:71,2,0,0
BRDA:122,3,0,0
BRDA:165,4,0,0
BRDA:165,4,1,0
BRF:7
BRH:0
end_of_record
TN:
SF:src/app/dashboard/user/UserDashboard.js
FN:10,(anonymous_5)
FN:14,(anonymous_6)
FN:26,(anonymous_7)
FN:37,(anonymous_8)
FN:41,(anonymous_9)
FN:61,(anonymous_10)
FN:63,(anonymous_11)
FN:77,(anonymous_12)
FN:84,(anonymous_13)
FNF:9
FNH:0
FNDA:0,(anonymous_5)
FNDA:0,(anonymous_6)
FNDA:0,(anonymous_7)
FNDA:0,(anonymous_8)
FNDA:0,(anonymous_9)
FNDA:0,(anonymous_10)
FNDA:0,(anonymous_11)
FNDA:0,(anonymous_12)
FNDA:0,(anonymous_13)
DA:3,0
DA:4,0
DA:5,0
DA:6,0
DA:7,0
DA:8,0
DA:10,0
DA:11,0
DA:12,0
DA:14,0
DA:15,0
DA:18,0
DA:19,0
DA:20,0
DA:21,0
DA:26,0
DA:27,0
DA:28,0
DA:37,0
DA:41,0
DA:61,0
DA:64,0
DA:77,0
DA:84,0
DA:101,0
LF:25
LH:0
BRDA:18,0,0,0
BRDA:20,1,0,0
BRDA:61,2,0,0
BRDA:61,2,1,0
BRF:4
BRH:0
end_of_record
TN:
SF:src/app/dashboard/user/page.js
FN:7,(anonymous_4)
FNF:1
FNH:0
FNDA:0,(anonymous_4)
DA:1,0
DA:2,0
DA:3,0
DA:4,0
DA:5,0
DA:7,0
DA:8,0
DA:9,0
DA:18,0
LF:9
LH:0
BRF:0
BRH:0
end_of_record
TN:
SF:src/app/demo/DemoPage.js
FN:10,(anonymous_5)
FN:21,(anonymous_6)
FN:33,(anonymous_7)
FN:71,(anonymous_8)
FN:71,(anonymous_9)
FN:72,(anonymous_10)
FN:125,(anonymous_11)
FN:148,(anonymous_12)
FN:158,(anonymous_13)
FN:175,(anonymous_14)
FNF:10
FNH:0
FNDA:0,(anonymous_5)
FNDA:0,(anonymous_6)
FNDA:0,(anonymous_7)
FNDA:0,(anonymous_8)
FNDA:0,(anonymous_9)
FNDA:0,(anonymous_10)
FNDA:0,(anonymous_11)
FNDA:0,(anonymous_12)
FNDA:0,(anonymous_13)
FNDA:0,(anonymous_14)
DA:3,0
DA:4,0
DA:5,0
DA:6,0
DA:7,0
DA:8,0
DA:10,0
DA:11,0
DA:12,0
DA:13,0
DA:14,0
DA:15,0
DA:16,0
DA:17,0
DA:18,0
DA:19,0
DA:21,0
DA:22,0
DA:23,0
DA:24,0
DA:26,0
DA:27,0
DA:29,0
DA:33,0
DA:34,0
DA:35,0
DA:37,0
DA:38,0
DA:39,0
DA:42,0
DA:44,0
DA:45,0
DA:46,0
DA:47,0
DA:48,0
DA:50,0
DA:52,0
DA:53,0
DA:54,0
DA:55,0
DA:56,0
DA:58,0
DA:60,0
DA:61,0
DA:62,0
DA:63,0
DA:64,0
DA:66,0
DA:69,0
DA:71,0
DA:72,0
DA:81,0
DA:126,0
DA:127,0
DA:129,0
DA:131,0
DA:133,0
DA:135,0
DA:148,0
DA:158,0
DA:175,0
DA:204,0
LF:62
LH:0
BRDA:22,0,0,0
BRDA:22,0,1,0
BRDA:35,1,0,0
BRDA:42,2,0,0
BRDA:42,2,1,0
BRDA:42,2,2,0
BRDA:45,3,0,0
BRDA:45,3,1,0
BRDA:47,4,0,0
BRDA:53,5,0,0
BRDA:53,5,1,0
BRDA:55,6,0,0
BRDA:61,7,0,0
BRDA:61,7,1,0
BRDA:63,8,0,0
BRDA:101,9,0,0
BRDA:103,10,0,0
BRDA:104,11,0,0
BRDA:116,12,0,0
BRDA:116,12,1,0
BRDA:127,13,0,0
BRDA:127,13,1,0
BRDA:127,13,2,0
BRDA:127,13,3,0
BRDA:129,14,0,0
BRDA:129,14,1,0
BRDA:131,15,0,0
BRDA:131,15,1,0
BRDA:133,16,0,0
BRDA:133,16,1,0
BRDA:150,17,0,0
BRDA:150,17,1,0
BRDA:160,18,0,0
BRDA:160,18,1,0
BRDA:170,19,0,0
BRF:35
BRH:0
end_of_record
TN:
SF:src/app/demo/DemoSidebar.js
FN:8,(anonymous_5)
FN:21,(anonymous_6)
FN:26,(anonymous_7)
FN:26,(anonymous_8)
FN:143,(anonymous_9)
FN:144,(anonymous_10)
FN:148,(anonymous_11)
FNF:7
FNH:0
FNDA:0,(anonymous_5)
FNDA:0,(anonymous_6)
FNDA:0,(anonymous_7)
FNDA:0,(anonymous_8)
FNDA:0,(anonymous_9)
FNDA:0,(anonymous_10)
FNDA:0,(anonymous_11)
DA:1,0
DA:2,0
DA:4,0
DA:5,0
DA:6,0
DA:8,0
DA:17,0
DA:18,0
DA:19,0
DA:21,0
DA:24,0
DA:25,0
DA:26,0
DA:27,0
DA:143,0
DA:145,0
DA:148,0
DA:177,0
LF:18
LH:0
BRDA:94,0,0,0
BRDA:94,0,1,0
BRDA:100,1,0,0
BRDA:100,1,1,0
BRDA:104,2,0,0
BRDA:104,2,1,0
BRDA:108,3,0,0
BRDA:108,3,1,0
BRDA:110,4,0,0
BRDA:110,4,1,0
BRDA:116,5,0,0
BRDA:116,5,1,0
BRDA:118,6,0,0
BRDA:118,6,1,0
BRDA:127,7,0,0
BRDA:127,7,1,0
BRDA:151,8,0,0
BRDA:151,8,1,0
BRDA:152,9,0,0
BRDA:152,9,1,0
BRDA:155,10,0,0
BRDA:155,10,1,0
BRDA:163,11,0,0
BRDA:163,11,1,0
BRDA:165,12,0,0
BRF:25
BRH:0
end_of_record
TN:
SF:src/app/demo/page.tsx
FN:6,(anonymous_2)
FNF:1
FNH:0
FNDA:0,(anonymous_2)
DA:1,0
DA:2,0
DA:3,0
DA:4,0
DA:6,0
DA:7,0
DA:8,0
DA:19,0
DA:36,0
LF:9
LH:0
BRF:0
BRH:0
end_of_record
TN:
SF:src/app/download/page.js
FN:8,DownloadPage
FN:20,(anonymous_6)
FN:25,(anonymous_7)
FN:38,(anonymous_8)
FN:115,(anonymous_9)
FN:129,(anonymous_10)
FN:135,(anonymous_11)
FN:152,(anonymous_12)
FN:163,(anonymous_13)
FNF:9
FNH:0
FNDA:0,DownloadPage
FNDA:0,(anonymous_6)
FNDA:0,(anonymous_7)
FNDA:0,(anonymous_8)
FNDA:0,(anonymous_9)
FNDA:0,(anonymous_10)
FNDA:0,(anonymous_11)
FNDA:0,(anonymous_12)
FNDA:0,(anonymous_13)
DA:3,0
DA:4,0
DA:5,0
DA:6,0
DA:8,0
DA:9,0
DA:10,0
DA:11,0
DA:12,0
DA:13,0
DA:14,0
DA:15,0
DA:16,0
DA:18,0
DA:20,0
DA:22,0
DA:25,0
DA:26,0
DA:27,0
DA:28,0
DA:29,0
DA:30,0
DA:31,0
DA:34,0
DA:38,0
DA:39,0
DA:40,0
DA:41,0
DA:44,0
DA:45,0
DA:46,0
DA:49,0
DA:51,0
DA:52,0
DA:65,0
DA:66,0
DA:67,0
DA:68,0
DA:69,0
DA:70,0
DA:71,0
DA:72,0
DA:73,0
DA:74,0
DA:76,0
DA:77,0
DA:80,0
DA:81,0
DA:83,0
DA:115,0
DA:129,0
DA:136,0
DA:152,0
DA:163,0
LF:54
LH:0
BRDA:30,0,0,0
BRDA:39,1,0,0
BRDA:39,2,0,0
BRDA:39,2,1,0
BRDA:39,2,2,0
BRDA:44,3,0,0
BRDA:65,4,0,0
BRDA:65,4,1,0
BRDA:77,5,0,0
BRDA:77,5,1,0
BRDA:89,6,0,0
BRDA:89,6,1,0
BRDA:94,7,0,0
BRDA:94,7,1,0
BRDA:100,8,0,0
BRDA:100,8,1,0
BRDA:108,9,0,0
BRDA:108,9,1,0
BRDA:111,10,0,0
BRDA:111,10,1,0
BRDA:115,11,0,0
BRDA:115,11,1,0
BRDA:118,12,0,0
BRDA:118,12,1,0
BRDA:125,13,0,0
BRDA:125,13,1,0
BRDA:133,14,0,0
BRDA:133,14,1,0
BRDA:147,15,0,0
BRDA:147,15,1,0
BRDA:158,16,0,0
BRDA:158,16,1,0
BRDA:173,17,0,0
BRDA:173,17,1,0
BRDA:173,17,2,0
BRDA:173,17,3,0
BRDA:175,18,0,0
BRDA:175,18,1,0
BRDA:175,19,0,0
BRDA:175,19,1,0
BRDA:175,19,2,0
BRDA:175,19,3,0
BRDA:181,20,0,0
BRDA:197,21,0,0
BRDA:197,21,1,0
BRDA:209,22,0,0
BRDA:209,22,1,0
BRF:47
BRH:0
end_of_record
TN:
SF:src/app/report/page.js
FN:4,(anonymous_2)
FN:8,(anonymous_3)
FNF:2
FNH:0
FNDA:0,(anonymous_2)
FNDA:0,(anonymous_3)
DA:1,0
DA:2,0
DA:4,0
DA:5,0
DA:9,0
DA:22,0
LF:6
LH:0
BRF:0
BRH:0
end_of_record
TN:
SF:src/app/report/components/FinalReviewerTable.js
FN:4,(anonymous_2)
FN:17,(anonymous_3)
FNF:2
FNH:0
FNDA:0,(anonymous_2)
FNDA:0,(anonymous_3)
DA:1,0
DA:2,0
DA:4,0
DA:18,0
DA:34,0
LF:5
LH:0
BRF:0
BRH:0
end_of_record
TN:
SF:src/app/report/components/ReviewerReportTable.js
FN:5,(anonymous_2)
FN:6,(anonymous_3)
FN:33,(anonymous_4)
FN:77,(anonymous_5)
FNF:4
FNH:0
FNDA:0,(anonymous_2)
FNDA:0,(anonymous_3)
FNDA:0,(anonymous_4)
FNDA:0,(anonymous_5)
DA:1,0
DA:2,0
DA:3,0
DA:5,0
DA:6,0
DA:8,0
DA:10,0
DA:11,0
DA:12,0
DA:13,0
DA:14,0
DA:15,0
DA:16,0
DA:17,0
DA:18,0
DA:19,0
DA:20,0
DA:21,0
DA:22,0
DA:23,0
DA:24,0
DA:25,0
DA:26,0
DA:27,0
DA:29,0
DA:33,0
DA:35,0
DA:37,0
DA:38,0
DA:39,0
DA:40,0
DA:41,0
DA:42,0
DA:43,0
DA:44,0
DA:45,0
DA:46,0
DA:47,0
DA:48,0
DA:49,0
DA:50,0
DA:51,0
DA:52,0
DA:53,0
DA:54,0
DA:56,0
DA:78,0
DA:123,0
LF:48
LH:0
BRDA:10,0,0,0
BRDA:10,0,1,0
BRDA:12,1,0,0
BRDA:12,1,1,0
BRDA:14,2,0,0
BRDA:14,2,1,0
BRDA:16,3,0,0
BRDA:16,3,1,0
BRDA:18,4,0,0
BRDA:18,4,1,0
BRDA:20,5,0,0
BRDA:20,5,1,0
BRDA:22,6,0,0
BRDA:22,6,1,0
BRDA:24,7,0,0
BRDA:24,7,1,0
BRDA:26,8,0,0
BRDA:26,8,1,0
BRDA:37,9,0,0
BRDA:37,9,1,0
BRDA:39,10,0,0
BRDA:39,10,1,0
BRDA:41,11,0,0
BRDA:41,11,1,0
BRDA:43,12,0,0
BRDA:43,12,1,0
BRDA:45,13,0,0
BRDA:45,13,1,0
BRDA:47,14,0,0
BRDA:47,14,1,0
BRDA:49,15,0,0
BRDA:49,15,1,0
BRDA:51,16,0,0
BRDA:51,16,1,0
BRDA:53,17,0,0
BRDA:53,17,1,0
BRF:36
BRH:0
end_of_record
TN:
SF:src/app/report/components/TranscriberReportTable.js
FN:4,(anonymous_2)
FN:5,(anonymous_3)
FN:32,(anonymous_4)
FN:76,(anonymous_5)
FN:129,(anonymous_6)
FN:132,(anonymous_7)
FN:138,(anonymous_8)
FN:141,(anonymous_9)
FN:149,(anonymous_10)
FN:152,(anonymous_11)
FN:159,(anonymous_12)
FN:161,(anonymous_13)
FN:170,(anonymous_14)
FN:171,(anonymous_15)
FNF:14
FNH:0
FNDA:0,(anonymous_2)
FNDA:0,(anonymous_3)
FNDA:0,(anonymous_4)
FNDA:0,(anonymous_5)
FNDA:0,(anonymous_6)
FNDA:0,(anonymous_7)
FNDA:0,(anonymous_8)
FNDA:0,(anonymous_9)
FNDA:0,(anonymous_10)
FNDA:0,(anonymous_11)
FNDA:0,(anonymous_12)
FNDA:0,(anonymous_13)
FNDA:0,(anonymous_14)
FNDA:0,(anonymous_15)
DA:1,0
DA:2,0
DA:3,0
DA:4,0
DA:5,0
DA:7,0
DA:9,0
DA:10,0
DA:11,0
DA:12,0
DA:13,0
DA:14,0
DA:15,0
DA:16,0
DA:17,0
DA:18,0
DA:19,0
DA:20,0
DA:21,0
DA:22,0
DA:23,0
DA:24,0
DA:25,0
DA:26,0
DA:28,0
DA:32,0
DA:34,0
DA:36,0
DA:37,0
DA:38,0
DA:39,0
DA:40,0
DA:41,0
DA:42,0
DA:43,0
DA:44,0
DA:45,0
DA:46,0
DA:47,0
DA:48,0
DA:49,0
DA:50,0
DA:51,0
DA:52,0
DA:53,0
DA:55,0
DA:77,0
DA:129,0
DA:132,0
DA:138,0
DA:141,0
DA:149,0
DA:152,0
DA:159,0
DA:161,0
DA:170,0
DA:171,0
DA:182,0
LF:58
LH:0
BRDA:9,0,0,0
BRDA:9,0,1,0
BRDA:11,1,0,0
BRDA:11,1,1,0
BRDA:13,2,0,0
BRDA:13,2,1,0
BRDA:15,3,0,0
BRDA:15,3,1,0
BRDA:17,4,0,0
BRDA:17,4,1,0
BRDA:19,5,0,0
BRDA:19,5,1,0
BRDA:21,6,0,0
BRDA:21,6,1,0
BRDA:23,7,0,0
BRDA:23,7,1,0
BRDA:25,8,0,0
BRDA:25,8,1,0
BRDA:36,9,0,0
BRDA:36,9,1,0
BRDA:38,10,0,0
BRDA:38,10,1,0
BRDA:40,11,0,0
BRDA:40,11,1,0
BRDA:42,12,0,0
BRDA:42,12,1,0
BRDA:44,13,0,0
BRDA:44,13,1,0
BRDA:46,14,0,0
BRDA:46,14,1,0
BRDA:48,15,0,0
BRDA:48,15,1,0
BRDA:50,16,0,0
BRDA:50,16,1,0
BRDA:52,17,0,0
BRDA:52,17,1,0
BRF:36
BRH:0
end_of_record
TN:
SF:src/app/report/group/GroupReport.js
FN:14,(anonymous_5)
FN:22,(anonymous_6)
FN:25,fetchData
FN:58,(anonymous_8)
FN:62,(anonymous_9)
FN:63,(anonymous_10)
FNF:6
FNH:0
FNDA:0,(anonymous_5)
FNDA:0,(anonymous_6)
FNDA:0,fetchData
FNDA:0,(anonymous_8)
FNDA:0,(anonymous_9)
FNDA:0,(anonymous_10)
DA:2,0
DA:7,0
DA:8,0
DA:9,0
DA:10,0
DA:11,0
DA:12,0
DA:14,0
DA:15,0
DA:16,0
DA:17,0
DA:18,0
DA:19,0
DA:20,0
DA:22,0
DA:23,0
DA:24,0
DA:26,0
DA:27,0
DA:28,0
DA:32,0
DA:39,0
DA:45,0
DA:46,0
DA:47,0
DA:49,0
DA:51,0
DA:54,0
DA:58,0
DA:59,0
DA:62,0
DA:63,0
DA:111,0
LF:33
LH:0
BRDA:23,0,0,0
BRDA:91,1,0,0
BRF:2
BRH:0
end_of_record
TN:
SF:src/app/report/group/page.js
FN:5,(anonymous_2)
FNF:1
FNH:0
FNDA:0,(anonymous_2)
DA:1,0
DA:2,0
DA:3,0
DA:5,0
DA:6,0
DA:15,0
LF:6
LH:0
BRF:0
BRH:0
end_of_record
TN:
SF:src/app/report/user/[id]/UserReport.js
FN:10,(anonymous_5)
FN:34,(anonymous_6)
FN:36,getUserReportByGroup
FN:60,(anonymous_8)
FN:65,(anonymous_9)
FN:66,(anonymous_10)
FNF:6
FNH:0
FNDA:0,(anonymous_5)
FNDA:0,(anonymous_6)
FNDA:0,getUserReportByGroup
FNDA:0,(anonymous_8)
FNDA:0,(anonymous_9)
FNDA:0,(anonymous_10)
DA:2,0
DA:3,0
DA:4,0
DA:5,0
DA:6,0
DA:7,0
DA:8,0
DA:10,0
DA:11,0
DA:12,0
DA:13,0
DA:14,0
DA:15,0
DA:16,0
DA:17,0
DA:18,0
DA:19,0
DA:20,0
DA:21,0
DA:24,0
DA:27,0
DA:32,0
DA:34,0
DA:35,0
DA:37,0
DA:38,0
DA:44,0
DA:48,0
DA:49,0
DA:51,0
DA:54,0
DA:57,0
DA:60,0
DA:61,0
DA:62,0
DA:65,0
DA:66,0
DA:69,0
DA:70,0
DA:121,0
LF:40
LH:0
BRDA:13,0,0,0
BRDA:13,0,1,0
BRDA:18,1,0,0
BRDA:18,1,1,0
BRDA:19,2,0,0
BRDA:19,2,1,0
BRDA:24,3,0,0
BRDA:24,3,1,0
BRDA:27,4,0,0
BRDA:27,4,1,0
BRDA:28,5,0,0
BRDA:28,5,1,0
BRDA:100,6,0,0
BRF:13
BRH:0
end_of_record
TN:
SF:src/app/report/user/[id]/page.js
FN:5,(anonymous_2)
FNF:1
FNH:0
FNDA:0,(anonymous_2)
DA:1,0
DA:2,0
DA:3,0
DA:5,0
DA:6,0
DA:7,0
DA:16,0
LF:7
LH:0
BRF:0
BRH:0
end_of_record
TN:
SF:src/app/stats/GroupPieChart.js
FN:8,(anonymous_2)
FNF:1
FNH:0
FNDA:0,(anonymous_2)
DA:2,0
DA:3,0
DA:4,0
DA:6,0
DA:8,0
DA:16,0
DA:17,0
DA:65,0
LF:8
LH:0
BRDA:51,0,0,0
BRDA:51,0,1,0
BRF:2
BRH:0
end_of_record
TN:
SF:src/app/stats/GroupTaskStats.js
FN:3,(anonymous_2)
FN:7,(anonymous_3)
FN:36,(anonymous_4)
FNF:3
FNH:0
FNDA:0,(anonymous_2)
FNDA:0,(anonymous_3)
FNDA:0,(anonymous_4)
DA:1,0
DA:3,0
DA:4,0
DA:7,0
DA:9,0
DA:29,0
DA:31,0
DA:37,0
DA:60,0
LF:9
LH:0
BRDA:41,0,0,0
BRDA:41,0,1,0
BRF:2
BRH:0
end_of_record
TN:
SF:src/app/stats/TaskStats.js
FN:5,(anonymous_2)
FN:9,(anonymous_3)
FNF:2
FNH:0
FNDA:0,(anonymous_2)
FNDA:0,(anonymous_3)
DA:2,0
DA:3,0
DA:5,0
DA:10,0
DA:17,0
LF:5
LH:0
BRDA:10,0,0,0
BRDA:10,0,1,0
BRF:2
BRH:0
end_of_record
TN:
SF:src/app/stats/page.js
FN:7,(anonymous_4)
FNF:1
FNH:0
FNDA:0,(anonymous_4)
DA:1,0
DA:2,0
DA:3,0
DA:4,0
DA:5,0
DA:7,0
DA:8,0
DA:9,0
DA:26,0
LF:9
LH:0
BRDA:13,0,0,0
BRDA:13,0,1,0
BRF:2
BRH:0
end_of_record
TN:
SF:src/components/ActionButtons.js
FN:7,(anonymous_5)
FN:12,(anonymous_6)
FN:16,(anonymous_7)
FN:21,(anonymous_8)
FN:43,(anonymous_9)
FN:52,(anonymous_10)
FN:65,(anonymous_11)
FNF:7
FNH:0
FNDA:0,(anonymous_5)
FNDA:0,(anonymous_6)
FNDA:0,(anonymous_7)
FNDA:0,(anonymous_8)
FNDA:0,(anonymous_9)
FNDA:0,(anonymous_10)
FNDA:0,(anonymous_11)
DA:2,0
DA:3,0
DA:5,0
DA:6,0
DA:7,0
DA:9,0
DA:10,0
DA:12,0
DA:14,0
DA:16,0
DA:17,0
DA:21,0
DA:23,0
DA:24,0
DA:25,0
DA:26,0
DA:27,0
DA:28,0
DA:29,0
DA:30,0
DA:31,0
DA:43,0
DA:53,0
DA:66,0
DA:98,0
LF:25
LH:0
BRDA:23,0,0,0
BRDA:23,0,1,0
BRDA:23,1,0,0
BRDA:23,1,1,0
BRDA:26,2,0,0
BRDA:26,2,1,0
BRDA:26,3,0,0
BRDA:26,3,1,0
BRDA:29,4,0,0
BRDA:29,5,0,0
BRDA:29,5,1,0
BRDA:45,6,0,0
BRDA:58,7,0,0
BRF:13
BRH:0
end_of_record
TN:
SF:src/components/AppContext.js
FNF:0
FNH:0
DA:1,0
DA:3,0
DA:5,0
LF:3
LH:0
BRF:0
BRH:0
end_of_record
TN:
SF:src/components/BurgerIcon.js
FN:1,BurgerIcon
FN:4,(anonymous_2)
FN:4,(anonymous_3)
FNF:3
FNH:0
FNDA:0,BurgerIcon
FNDA:0,(anonymous_2)
FNDA:0,(anonymous_3)
DA:1,0
DA:4,0
LF:2
LH:0
BRF:0
BRH:0
end_of_record
TN:
SF:src/components/DashboardBtn.js
FN:5,(anonymous_2)
FNF:1
FNH:0
FNDA:0,(anonymous_2)
DA:3,0
DA:5,0
DA:20,0
LF:3
LH:0
BRF:0
BRH:0
end_of_record
TN:
SF:src/components/DateInput.js
FN:3,(anonymous_2)
FNF:1
FNH:0
FNDA:0,(anonymous_2)
DA:1,0
DA:3,0
DA:30,0
LF:3
LH:0
BRDA:7,0,0,0
BRDA:7,0,1,0
BRF:2
BRH:0
end_of_record
TN:
SF:src/components/DisplayImage.js
FN:5,DisplayImage
FN:10,(anonymous_6)
FNF:2
FNH:0
FNDA:0,DisplayImage
FNDA:0,(anonymous_6)
DA:1,0
DA:2,0
DA:3,0
DA:6,0
DA:7,0
DA:9,0
DA:10,0
DA:11,0
DA:12,0
DA:36,0
LF:10
LH:0
BRDA:11,0,0,0
BRF:1
BRH:0
end_of_record
TN:
SF:src/components/LanguageToggle.js
FN:4,(anonymous_5)
FN:14,(anonymous_6)
FN:15,(anonymous_7)
FNF:3
FNH:0
FNDA:0,(anonymous_5)
FNDA:0,(anonymous_6)
FNDA:0,(anonymous_7)
DA:1,0
DA:3,0
DA:4,0
DA:5,0
DA:6,0
DA:15,0
DA:27,0
LF:7
LH:0
BRDA:15,0,0,0
BRDA:15,0,1,0
BRF:2
BRH:0
end_of_record
TN:
SF:src/components/PaginationControls.js
FN:5,(anonymous_2)
FN:22,(anonymous_3)
FN:37,(anonymous_4)
FNF:3
FNH:0
FNDA:0,(anonymous_2)
FNDA:0,(anonymous_3)
FNDA:0,(anonymous_4)
DA:2,0
DA:3,0
DA:5,0
DA:14,0
DA:15,0
DA:23,0
DA:24,0
DA:38,0
DA:39,0
DA:50,0
LF:10
LH:0
BRDA:23,0,0,0
BRDA:38,1,0,0
BRF:2
BRH:0
end_of_record
TN:
SF:src/components/RightSidebar.js
FN:4,Sidebar
FN:17,(anonymous_3)
FN:17,(anonymous_4)
FNF:3
FNH:0
FNDA:0,Sidebar
FNDA:0,(anonymous_3)
FNDA:0,(anonymous_4)
DA:2,0
DA:3,0
DA:4,0
DA:5,0
DA:17,0
LF:5
LH:0
BRDA:9,0,0,0
BRDA:12,1,0,0
BRDA:12,1,1,0
BRF:3
BRH:0
end_of_record
TN:
SF:src/components/Select.js
FN:3,(anonymous_2)
FN:33,(anonymous_3)
FNF:2
FNH:0
FNDA:0,(anonymous_2)
FNDA:0,(anonymous_3)
DA:1,0
DA:3,0
DA:34,0
DA:43,0
LF:4
LH:0
BRDA:14,0,0,0
BRDA:14,0,1,0
BRF:2
BRH:0
end_of_record
TN:
SF:src/components/Sidebar.js
FN:13,(anonymous_5)
FN:27,(anonymous_6)
FN:203,(anonymous_7)
FN:207,(anonymous_8)
FNF:4
FNH:0
FNDA:0,(anonymous_5)
FNDA:0,(anonymous_6)
FNDA:0,(anonymous_7)
FNDA:0,(anonymous_8)
DA:1,0
DA:2,0
DA:4,0
DA:5,0
DA:6,0
DA:7,0
DA:8,0
DA:9,0
DA:10,0
DA:11,0
DA:13,0
DA:23,0
DA:24,0
DA:25,0
DA:27,0
DA:30,0
DA:31,0
DA:32,0
DA:204,0
DA:207,0
DA:228,0
LF:21
LH:0
BRDA:39,0,0,0
BRDA:39,0,1,0
BRDA:114,1,0,0
BRDA:114,1,1,0
BRDA:116,2,0,0
BRDA:116,2,1,0
BRDA:122,3,0,0
BRDA:122,3,1,0
BRDA:124,4,0,0
BRDA:124,4,1,0
BRDA:130,5,0,0
BRDA:130,5,1,0
BRDA:134,6,0,0
BRDA:134,6,1,0
BRDA:136,7,0,0
BRDA:136,7,1,0
BRDA:142,8,0,0
BRDA:142,8,1,0
BRDA:144,9,0,0
BRDA:144,9,1,0
BRDA:154,10,0,0
BRDA:154,10,1,0
BRDA:154,11,0,0
BRDA:154,11,1,0
BRDA:160,12,0,0
BRDA:160,12,1,0
BRDA:160,13,0,0
BRDA:160,13,1,0
BRDA:171,14,0,0
BRDA:171,14,1,0
BRDA:188,15,0,0
BRDA:214,16,0,0
BRDA:214,16,1,0
BRDA:216,17,0,0
BRF:34
BRH:0
end_of_record
TN:
SF:src/components/TaskView.js
FN:12,(anonymous_5)
FN:27,getLastTaskIndex
FN:31,(anonymous_7)
FN:55,(anonymous_8)
FN:82,(anonymous_9)
FN:94,(anonymous_10)
FN:108,(anonymous_11)
FN:175,(anonymous_12)
FN:175,(anonymous_13)
FN:257,(anonymous_14)
FN:267,(anonymous_15)
FN:287,(anonymous_16)
FNF:12
FNH:0
FNDA:0,(anonymous_5)
FNDA:0,getLastTaskIndex
FNDA:0,(anonymous_7)
FNDA:0,(anonymous_8)
FNDA:0,(anonymous_9)
FNDA:0,(anonymous_10)
FNDA:0,(anonymous_11)
FNDA:0,(anonymous_12)
FNDA:0,(anonymous_13)
FNDA:0,(anonymous_14)
FNDA:0,(anonymous_15)
FNDA:0,(anonymous_16)
DA:3,0
DA:4,0
DA:6,0
DA:7,0
DA:8,0
DA:9,0
DA:12,0
DA:13,0
DA:14,0
DA:15,0
DA:16,0
DA:21,0
DA:22,0
DA:23,0
DA:24,0
DA:25,0
DA:28,0
DA:31,0
DA:32,0
DA:33,0
DA:34,0
DA:36,0
DA:41,0
DA:46,0
DA:51,0
DA:55,0
DA:56,0
DA:58,0
DA:59,0
DA:60,0
DA:61,0
DA:62,0
DA:64,0
DA:65,0
DA:66,0
DA:68,0
DA:69,0
DA:70,0
DA:72,0
DA:73,0
DA:75,0
DA:78,0
DA:82,0
DA:84,0
DA:85,0
DA:94,0
DA:96,0
DA:97,0
DA:101,0
DA:102,0
DA:105,0
DA:108,0
DA:110,0
DA:111,0
DA:112,0
DA:113,0
DA:114,0
DA:118,0
DA:119,0
DA:120,0
DA:123,0
DA:125,0
DA:127,0
DA:128,0
DA:129,0
DA:130,0
DA:132,0
DA:134,0
DA:136,0
DA:137,0
DA:138,0
DA:139,0
DA:141,0
DA:143,0
DA:145,0
DA:146,0
DA:147,0
DA:148,0
DA:150,0
DA:154,0
DA:163,0
DA:164,0
DA:166,0
DA:169,0
DA:170,0
DA:173,0
DA:175,0
DA:176,0
DA:177,0
DA:181,0
DA:182,0
DA:183,0
DA:186,0
DA:257,0
DA:267,0
DA:287,0
DA:312,0
LF:97
LH:0
BRDA:28,0,0,0
BRDA:28,0,1,0
BRDA:32,1,0,0
BRDA:34,2,0,0
BRDA:34,2,1,0
BRDA:34,2,2,0
BRDA:34,2,3,0
BRDA:37,3,0,0
BRDA:37,3,1,0
BRDA:38,4,0,0
BRDA:38,4,1,0
BRDA:42,5,0,0
BRDA:42,5,1,0
BRDA:43,6,0,0
BRDA:43,6,1,0
BRDA:47,7,0,0
BRDA:47,7,1,0
BRDA:48,8,0,0
BRDA:48,8,1,0
BRDA:59,9,0,0
BRDA:59,9,1,0
BRDA:62,10,0,0
BRDA:62,10,1,0
BRDA:62,10,2,0
BRDA:62,10,3,0
BRDA:65,11,0,0
BRDA:65,11,1,0
BRDA:69,12,0,0
BRDA:69,12,1,0
BRDA:73,13,0,0
BRDA:73,13,1,0
BRDA:96,14,0,0
BRDA:97,15,0,0
BRDA:97,15,1,0
BRDA:101,16,0,0
BRDA:101,17,0,0
BRDA:101,17,1,0
BRDA:102,18,0,0
BRDA:102,18,1,0
BRDA:110,19,0,0
BRDA:112,20,0,0
BRDA:123,21,0,0
BRDA:123,21,1,0
BRDA:123,21,2,0
BRDA:127,22,0,0
BRDA:127,22,1,0
BRDA:129,23,0,0
BRDA:136,24,0,0
BRDA:136,24,1,0
BRDA:138,25,0,0
BRDA:145,26,0,0
BRDA:145,26,1,0
BRDA:147,27,0,0
BRDA:163,28,0,0
BRDA:163,28,1,0
BRDA:169,29,0,0
BRDA:173,30,0,0
BRDA:173,30,1,0
BRDA:176,31,0,0
BRDA:206,32,0,0
BRDA:208,33,0,0
BRDA:209,34,0,0
BRDA:209,34,1,0
BRDA:214,35,0,0
BRDA:214,35,1,0
BRDA:219,36,0,0
BRDA:223,37,0,0
BRDA:223,37,1,0
BRDA:259,38,0,0
BRDA:259,38,1,0
BRDA:269,39,0,0
BRDA:269,39,1,0
BRDA:279,40,0,0
BRF:73
BRH:0
end_of_record
TN:
SF:src/components/TiffImageDisplayFromUrl.js
FN:3,(anonymous_4)
FN:6,(anonymous_5)
FN:7,(anonymous_6)
FN:13,(anonymous_7)
FNF:4
FNH:0
FNDA:0,(anonymous_4)
FNDA:0,(anonymous_5)
FNDA:0,(anonymous_6)
FNDA:0,(anonymous_7)
DA:1,0
DA:3,0
DA:4,0
DA:6,0
DA:7,0
DA:8,0
DA:9,0
DA:10,0
DA:12,0
DA:13,0
DA:14,0
DA:15,0
DA:16,0
DA:17,0
DA:19,0
DA:21,0
DA:25,0
DA:26,0
DA:33,0
LF:19
LH:0
BRDA:25,0,0,0
BRF:1
BRH:0
end_of_record
TN:
SF:src/components/TipTap.js
FN:4,(anonymous_4)
FN:6,(anonymous_5)
FN:21,(anonymous_6)
FN:29,(anonymous_7)
FN:40,(anonymous_8)
FNF:5
FNH:0
FNDA:0,(anonymous_4)
FNDA:0,(anonymous_5)
FNDA:0,(anonymous_6)
FNDA:0,(anonymous_7)
FNDA:0,(anonymous_8)
DA:1,0
DA:2,0
DA:4,0
DA:6,0
DA:7,0
DA:8,0
DA:12,0
DA:13,0
DA:22,0
DA:29,0
DA:40,0
DA:61,0
LF:12
LH:0
BRDA:7,0,0,0
BRDA:7,1,0,0
BRDA:7,1,1,0
BRDA:12,2,0,0
BRDA:31,3,0,0
BRDA:31,3,1,0
BRDA:49,4,0,0
BRDA:49,4,1,0
BRF:8
BRH:0
end_of_record
TN:
SF:src/components/TranscriptDisplay.js
FN:1,(anonymous_1)
FN:19,stripHtml
FNF:2
FNH:0
FNDA:0,(anonymous_1)
FNDA:0,stripHtml
DA:1,0
DA:2,0
DA:3,0
DA:6,0
DA:8,0
DA:9,0
DA:11,0
DA:12,0
DA:14,0
DA:17,0
DA:20,0
DA:38,0
LF:12
LH:0
BRDA:3,0,0,0
BRDA:3,0,1,0
BRDA:6,1,0,0
BRDA:6,1,1,0
BRDA:8,2,0,0
BRDA:8,2,1,0
BRDA:8,2,2,0
BRDA:9,3,0,0
BRDA:9,3,1,0
BRDA:11,4,0,0
BRDA:11,4,1,0
BRDA:11,4,2,0
BRDA:11,4,3,0
BRDA:12,5,0,0
BRDA:14,6,0,0
BRDA:14,6,1,0
BRDA:14,6,2,0
BRDA:14,6,3,0
BRDA:32,7,0,0
BRDA:32,7,1,0
BRF:20
BRH:0
end_of_record
TN:
SF:src/lib/calculatePay.js
FN:2,(anonymous_4)
FN:14,(anonymous_5)
FNF:2
FNH:1
FNDA:0,(anonymous_4)
FNDA:22,(anonymous_5)
DA:2,1
DA:3,0
DA:4,0
DA:5,0
DA:6,0
DA:9,0
DA:14,1
DA:16,22
DA:17,6
DA:20,16
DA:21,3
DA:25,13
DA:28,13
DA:34,13
DA:35,13
DA:36,4
DA:39,9
DA:43,22
LF:18
LH:13
BRDA:5,0,0,0
BRDA:5,0,1,0
BRDA:16,1,0,6
BRDA:16,2,0,22
BRDA:16,2,1,19
BRDA:20,3,0,3
BRDA:35,4,0,4
BRF:7
BRH:5
end_of_record
TN:
SF:src/lib/calculatePercent.js
FN:1,(anonymous_1)
FNF:1
FNH:1
FNDA:23,(anonymous_1)
DA:1,23
DA:2,23
DA:3,18
LF:3
LH:3
BRDA:2,0,0,5
BRDA:2,1,0,23
BRDA:2,1,1,20
BRF:3
BRH:3
end_of_record
TN:
SF:src/lib/formatTime.ts
FN:2,(anonymous_1)
FNF:1
FNH:1
FNDA:10,(anonymous_1)
DA:2,10
DA:4,10
DA:5,1
DA:9,9
DA:10,0
DA:14,9
DA:17,9
DA:18,9
DA:19,9
DA:22,9
DA:27,9
LF:11
LH:10
BRDA:4,0,0,1
BRDA:9,1,0,0
BRDA:9,2,0,9
BRDA:9,2,1,9
BRF:4
BRH:3
end_of_record
TN:
SF:src/model/action.js
FN:17,(anonymous_10)
FN:41,(anonymous_11)
FN:66,(anonymous_12)
FN:123,(anonymous_13)
FN:186,(anonymous_14)
FN:195,(anonymous_15)
FN:251,(anonymous_16)
FN:258,(anonymous_17)
FN:347,(anonymous_18)
FNF:9
FNH:0
FNDA:0,(anonymous_10)
FNDA:0,(anonymous_11)
FNDA:0,(anonymous_12)
FNDA:0,(anonymous_13)
FNDA:0,(anonymous_14)
FNDA:0,(anonymous_15)
FNDA:0,(anonymous_16)
FNDA:0,(anonymous_17)
FNDA:0,(anonymous_18)
DA:3,0
DA:4,0
DA:5,0
DA:6,0
DA:8,0
DA:9,0
DA:17,0
DA:18,0
DA:19,0
DA:28,0
DA:29,0
DA:33,0
DA:35,0
DA:36,0
DA:41,0
DA:43,0
DA:44,0
DA:45,0
DA:51,0
DA:52,0
DA:53,0
DA:54,0
DA:66,0
DA:68,0
DA:80,0
DA:82,0
DA:83,0
DA:86,0
DA:87,0
DA:108,0
DA:109,0
DA:112,0
DA:114,0
DA:117,0
DA:123,0
DA:130,0
DA:184,0
DA:185,0
DA:186,0
DA:191,0
DA:195,0
DA:196,0
DA:197,0
DA:208,0
DA:223,0
DA:224,0
DA:226,0
DA:227,0
DA:232,0
DA:251,0
DA:253,0
DA:254,0
DA:258,0
DA:266,0
DA:267,0
DA:269,0
DA:270,0
DA:271,0
DA:272,0
DA:273,0
DA:277,0
DA:282,0
DA:285,0
DA:286,0
DA:288,0
DA:291,0
DA:292,0
DA:293,0
DA:297,0
DA:298,0
DA:300,0
DA:303,0
DA:304,0
DA:308,0
DA:312,0
DA:313,0
DA:315,0
DA:318,0
DA:319,0
DA:323,0
DA:326,0
DA:329,0
DA:330,0
DA:335,0
DA:338,0
DA:339,0
DA:341,0
DA:342,0
DA:347,0
DA:348,0
DA:354,0
LF:91
LH:0
BRDA:28,0,0,0
BRDA:44,1,0,0
BRDA:82,2,0,0
BRDA:82,3,0,0
BRDA:82,3,1,0
BRDA:108,4,0,0
BRDA:184,5,0,0
BRDA:200,6,0,0
BRDA:200,6,1,0
BRDA:202,7,0,0
BRDA:202,7,1,0
BRDA:253,8,0,0
BRDA:253,8,1,0
BRDA:269,9,0,0
BRDA:282,10,0,0
BRDA:282,10,1,0
BRDA:282,10,2,0
BRDA:282,10,3,0
BRDA:285,11,0,0
BRDA:285,11,1,0
BRDA:297,12,0,0
BRDA:297,12,1,0
BRDA:305,13,0,0
BRDA:305,13,1,0
BRDA:312,14,0,0
BRDA:312,14,1,0
BRDA:320,15,0,0
BRDA:320,15,1,0
BRDA:355,16,0,0
BRDA:355,16,1,0
BRF:30
BRH:0
end_of_record
TN:
SF:src/model/group.js
FN:7,(anonymous_7)
FN:27,(anonymous_8)
FN:44,(anonymous_9)
FN:59,(anonymous_10)
FN:78,(anonymous_11)
FN:90,(anonymous_12)
FN:98,(anonymous_13)
FN:101,(anonymous_14)
FN:104,(anonymous_15)
FN:107,(anonymous_16)
FN:110,(anonymous_17)
FNF:11
FNH:0
FNDA:0,(anonymous_7)
FNDA:0,(anonymous_8)
FNDA:0,(anonymous_9)
FNDA:0,(anonymous_10)
FNDA:0,(anonymous_11)
FNDA:0,(anonymous_12)
FNDA:0,(anonymous_13)
FNDA:0,(anonymous_14)
FNDA:0,(anonymous_15)
FNDA:0,(anonymous_16)
FNDA:0,(anonymous_17)
DA:3,0
DA:4,0
DA:7,0
DA:8,0
DA:9,0
DA:19,0
DA:21,0
DA:22,0
DA:27,0
DA:28,0
DA:29,0
DA:30,0
DA:35,0
DA:36,0
DA:38,0
DA:39,0
DA:44,0
DA:45,0
DA:46,0
DA:51,0
DA:52,0
DA:54,0
DA:55,0
DA:59,0
DA:60,0
DA:61,0
DA:62,0
DA:70,0
DA:71,0
DA:73,0
DA:74,0
DA:78,0
DA:80,0
DA:81,0
DA:88,0
DA:89,0
DA:90,0
DA:92,0
DA:94,0
DA:98,0
DA:101,0
DA:104,0
DA:107,0
DA:110,0
DA:113,0
DA:115,0
DA:116,0
DA:119,0
LF:48
LH:0
BRDA:98,0,0,0
BRDA:98,0,1,0
BRDA:101,1,0,0
BRDA:101,1,1,0
BRDA:104,2,0,0
BRDA:104,2,1,0
BRDA:107,3,0,0
BRDA:107,3,1,0
BRDA:110,4,0,0
BRDA:110,4,1,0
BRF:10
BRH:0
end_of_record
TN:
SF:src/model/task.js
FN:7,(anonymous_16)
FN:23,createTasksFromCSV
FN:31,(anonymous_18)
FN:67,(anonymous_19)
FN:98,(anonymous_20)
FN:128,(anonymous_21)
FN:166,(anonymous_22)
FN:213,(anonymous_23)
FN:255,(anonymous_24)
FN:267,(anonymous_25)
FN:292,(anonymous_26)
FN:330,(anonymous_27)
FN:395,(anonymous_28)
FN:432,(anonymous_29)
FN:491,(anonymous_30)
FN:542,(anonymous_31)
FNF:16
FNH:0
FNDA:0,(anonymous_16)
FNDA:0,createTasksFromCSV
FNDA:0,(anonymous_18)
FNDA:0,(anonymous_19)
FNDA:0,(anonymous_20)
FNDA:0,(anonymous_21)
FNDA:0,(anonymous_22)
FNDA:0,(anonymous_23)
FNDA:0,(anonymous_24)
FNDA:0,(anonymous_25)
FNDA:0,(anonymous_26)
FNDA:0,(anonymous_27)
FNDA:0,(anonymous_28)
FNDA:0,(anonymous_29)
FNDA:0,(anonymous_30)
FNDA:0,(anonymous_31)
DA:3,0
DA:4,0
DA:7,0
DA:8,0
DA:9,0
DA:16,0
DA:18,0
DA:19,0
DA:23,0
DA:24,0
DA:25,0
DA:26,0
DA:27,0
DA:28,0
DA:30,0
DA:33,0
DA:34,0
DA:35,0
DA:36,0
DA:39,0
DA:49,0
DA:50,0
DA:53,0
DA:55,0
DA:59,0
DA:60,0
DA:62,0
DA:63,0
DA:67,0
DA:68,0
DA:74,0
DA:75,0
DA:76,0
DA:77,0
DA:80,0
DA:81,0
DA:88,0
DA:90,0
DA:91,0
DA:98,0
DA:99,0
DA:100,0
DA:101,0
DA:108,0
DA:118,0
DA:120,0
DA:124,0
DA:128,0
DA:129,0
DA:131,0
DA:135,0
DA:137,0
DA:141,0
DA:143,0
DA:144,0
DA:146,0
DA:158,0
DA:159,0
DA:161,0
DA:162,0
DA:166,0
DA:167,0
DA:169,0
DA:174,0
DA:177,0
DA:189,0
DA:191,0
DA:196,0
DA:202,0
DA:203,0
DA:206,0
DA:208,0
DA:209,0
DA:213,0
DA:214,0
DA:215,0
DA:216,0
DA:217,0
DA:233,0
DA:235,0
DA:247,0
DA:250,0
DA:251,0
DA:255,0
DA:256,0
DA:257,0
DA:264,0
DA:267,0
DA:268,0
DA:270,0
DA:271,0
DA:273,0
DA:275,0
DA:276,0
DA:285,0
DA:287,0
DA:288,0
DA:292,0
DA:297,0
DA:298,0
DA:299,0
DA:302,0
DA:311,0
DA:312,0
DA:320,0
DA:322,0
DA:326,0
DA:330,0
DA:331,0
DA:332,0
DA:335,0
DA:346,0
DA:348,0
DA:355,0
DA:357,0
DA:365,0
DA:373,0
DA:382,0
DA:383,0
DA:390,0
DA:391,0
DA:395,0
DA:396,0
DA:397,0
DA:398,0
DA:399,0
DA:413,0
DA:415,0
DA:425,0
DA:428,0
DA:432,0
DA:437,0
DA:438,0
DA:439,0
DA:440,0
DA:451,0
DA:464,0
DA:466,0
DA:473,0
DA:482,0
DA:484,0
DA:486,0
DA:487,0
DA:491,0
DA:492,0
DA:495,0
DA:500,0
DA:502,0
DA:514,0
DA:516,0
DA:521,0
DA:527,0
DA:529,0
DA:535,0
DA:537,0
DA:538,0
DA:542,0
DA:543,0
DA:545,0
DA:550,0
DA:553,0
DA:564,0
DA:566,0
DA:571,0
DA:577,0
DA:578,0
DA:581,0
DA:583,0
DA:584,0
LF:169
LH:0
BRDA:74,0,0,0
BRDA:74,0,1,0
BRDA:75,1,0,0
BRDA:113,2,0,0
BRDA:113,2,1,0
BRDA:131,3,0,0
BRDA:132,4,0,0
BRDA:132,4,1,0
BRDA:132,4,2,0
BRDA:137,5,0,0
BRDA:138,6,0,0
BRDA:138,6,1,0
BRDA:138,6,2,0
BRDA:143,7,0,0
BRDA:143,8,0,0
BRDA:143,8,1,0
BRDA:174,9,0,0
BRDA:181,10,0,0
BRDA:181,10,1,0
BRDA:183,11,0,0
BRDA:183,11,1,0
BRDA:189,12,0,0
BRDA:189,13,0,0
BRDA:189,13,1,0
BRDA:191,14,0,0
BRDA:191,14,1,0
BRDA:193,15,0,0
BRDA:193,15,1,0
BRDA:216,16,0,0
BRDA:216,16,1,0
BRDA:216,17,0,0
BRDA:216,17,1,0
BRDA:256,18,0,0
BRDA:256,19,0,0
BRDA:256,19,1,0
BRDA:302,20,0,0
BRDA:302,20,1,0
BRDA:302,21,0,0
BRDA:302,21,1,0
BRDA:338,22,0,0
BRDA:338,22,1,0
BRDA:338,23,0,0
BRDA:338,23,1,0
BRDA:355,24,0,0
BRDA:355,24,1,0
BRDA:398,25,0,0
BRDA:398,25,1,0
BRDA:398,26,0,0
BRDA:398,26,1,0
BRDA:439,27,0,0
BRDA:439,27,1,0
BRDA:439,28,0,0
BRDA:439,28,1,0
BRDA:500,29,0,0
BRDA:506,30,0,0
BRDA:506,30,1,0
BRDA:508,31,0,0
BRDA:508,31,1,0
BRDA:514,32,0,0
BRDA:514,33,0,0
BRDA:514,33,1,0
BRDA:516,34,0,0
BRDA:516,34,1,0
BRDA:518,35,0,0
BRDA:518,35,1,0
BRDA:550,36,0,0
BRDA:556,37,0,0
BRDA:556,37,1,0
BRDA:558,38,0,0
BRDA:558,38,1,0
BRDA:564,39,0,0
BRDA:564,40,0,0
BRDA:564,40,1,0
BRDA:566,41,0,0
BRDA:566,41,1,0
BRDA:568,42,0,0
BRDA:568,42,1,0
BRF:77
BRH:0
end_of_record
TN:
SF:src/model/user.js
FN:17,(anonymous_18)
FN:41,(anonymous_19)
FN:99,(anonymous_20)
FN:114,(anonymous_21)
FN:181,(anonymous_22)
FN:203,(anonymous_23)
FN:258,(anonymous_24)
FN:266,(anonymous_25)
FN:275,(anonymous_26)
FN:310,(anonymous_27)
FN:311,(anonymous_28)
FN:337,(anonymous_29)
FN:353,(anonymous_30)
FN:357,(anonymous_31)
FN:367,(anonymous_32)
FN:397,(anonymous_33)
FN:398,(anonymous_34)
FN:418,(anonymous_35)
FN:429,(anonymous_36)
FN:444,(anonymous_37)
FNF:20
FNH:0
FNDA:0,(anonymous_18)
FNDA:0,(anonymous_19)
FNDA:0,(anonymous_20)
FNDA:0,(anonymous_21)
FNDA:0,(anonymous_22)
FNDA:0,(anonymous_23)
FNDA:0,(anonymous_24)
FNDA:0,(anonymous_25)
FNDA:0,(anonymous_26)
FNDA:0,(anonymous_27)
FNDA:0,(anonymous_28)
FNDA:0,(anonymous_29)
FNDA:0,(anonymous_30)
FNDA:0,(anonymous_31)
FNDA:0,(anonymous_32)
FNDA:0,(anonymous_33)
FNDA:0,(anonymous_34)
FNDA:0,(anonymous_35)
FNDA:0,(anonymous_36)
FNDA:0,(anonymous_37)
DA:3,0
DA:4,0
DA:13,0
DA:15,0
DA:17,0
DA:18,0
DA:19,0
DA:34,0
DA:36,0
DA:37,0
DA:41,0
DA:42,0
DA:43,0
DA:44,0
DA:45,0
DA:46,0
DA:48,0
DA:54,0
DA:60,0
DA:61,0
DA:64,0
DA:65,0
DA:68,0
DA:69,0
DA:74,0
DA:82,0
DA:84,0
DA:85,0
DA:89,0
DA:95,0
DA:99,0
DA:100,0
DA:101,0
DA:106,0
DA:107,0
DA:109,0
DA:110,0
DA:114,0
DA:115,0
DA:116,0
DA:117,0
DA:118,0
DA:119,0
DA:121,0
DA:122,0
DA:131,0
DA:140,0
DA:141,0
DA:144,0
DA:145,0
DA:148,0
DA:149,0
DA:153,0
DA:164,0
DA:166,0
DA:167,0
DA:171,0
DA:176,0
DA:177,0
DA:181,0
DA:182,0
DA:183,0
DA:189,0
DA:191,0
DA:192,0
DA:203,0
DA:204,0
DA:206,0
DA:215,0
DA:216,0
DA:220,0
DA:221,0
DA:247,0
DA:248,0
DA:249,0
DA:253,0
DA:254,0
DA:258,0
DA:259,0
DA:260,0
DA:262,0
DA:263,0
DA:265,0
DA:266,0
DA:268,0
DA:270,0
DA:271,0
DA:275,0
DA:276,0
DA:282,0
DA:289,0
DA:304,0
DA:306,0
DA:310,0
DA:311,0
DA:313,0
DA:314,0
DA:317,0
DA:318,0
DA:320,0
DA:321,0
DA:322,0
DA:324,0
DA:325,0
DA:326,0
DA:328,0
DA:329,0
DA:332,0
DA:334,0
DA:337,0
DA:338,0
DA:339,0
DA:345,0
DA:347,0
DA:348,0
DA:353,0
DA:354,0
DA:355,0
DA:356,0
DA:357,0
DA:360,0
DA:362,0
DA:363,0
DA:367,0
DA:368,0
DA:370,0
DA:375,0
DA:389,0
DA:394,0
DA:397,0
DA:398,0
DA:399,0
DA:400,0
DA:401,0
DA:403,0
DA:406,0
DA:410,0
DA:412,0
DA:414,0
DA:418,0
DA:419,0
DA:420,0
DA:421,0
DA:422,0
DA:424,0
DA:425,0
DA:429,0
DA:430,0
DA:431,0
DA:437,0
DA:439,0
DA:440,0
DA:444,0
DA:448,0
DA:450,0
DA:451,0
DA:453,0
DA:460,0
DA:465,0
DA:467,0
LF:160
LH:0
BRDA:60,0,0,0
BRDA:60,0,1,0
BRDA:60,1,0,0
BRDA:60,1,1,0
BRDA:64,2,0,0
BRDA:64,2,1,0
BRDA:68,3,0,0
BRDA:84,4,0,0
BRDA:84,4,1,0
BRDA:140,5,0,0
BRDA:140,5,1,0
BRDA:140,6,0,0
BRDA:140,6,1,0
BRDA:144,7,0,0
BRDA:144,7,1,0
BRDA:148,8,0,0
BRDA:166,9,0,0
BRDA:166,9,1,0
BRDA:215,10,0,0
BRDA:236,11,0,0
BRDA:236,11,1,0
BRDA:238,12,0,0
BRDA:238,12,1,0
BRDA:262,13,0,0
BRDA:293,14,0,0
BRDA:293,14,1,0
BRDA:295,15,0,0
BRDA:295,15,1,0
BRDA:313,16,0,0
BRDA:313,17,0,0
BRDA:313,17,1,0
BRDA:314,18,0,0
BRDA:314,18,1,0
BRDA:320,19,0,0
BRDA:322,20,0,0
BRDA:322,20,1,0
BRDA:324,21,0,0
BRDA:324,22,0,0
BRDA:324,22,1,0
BRDA:328,23,0,0
BRDA:399,24,0,0
BRDA:399,25,0,0
BRDA:399,25,1,0
BRDA:400,26,0,0
BRDA:403,27,0,0
BRDA:403,27,1,0
BRF:46
BRH:0
end_of_record
TN:
SF:src/service/db.tsx
FN:3,(anonymous_1)
FNF:1
FNH:0
FNDA:0,(anonymous_1)
DA:1,0
DA:3,0
DA:4,0
DA:11,0
DA:13,0
DA:15,0
LF:6
LH:0
BRDA:11,0,0,0
BRDA:11,0,1,0
BRDA:15,1,0,0
BRF:3
BRH:0
end_of_record
